Log file open, 06/02/22 13:11:53
LogWindows: Failed to load 'aqProf.dll' (GetLastError=126)
LogWindows: File 'aqProf.dll' does not exist
LogWindows: Failed to load 'VtuneApi.dll' (GetLastError=126)
LogWindows: File 'VtuneApi.dll' does not exist
LogWindows: Failed to load 'VtuneApi32e.dll' (GetLastError=126)
LogWindows: File 'VtuneApi32e.dll' does not exist
LogConsoleResponse: Display: Failed to find resolution value strings in scalability ini. Falling back to default.
LogConsoleResponse: Display: Failed to find resolution value strings in scalability ini. Falling back to default.
LogInit: Display: Running engine for game: Trials
LogPlatformFile: Not using cached read wrapper
LogTaskGraph: Started task graph with 5 named threads and 71 total threads with 3 sets of task threads.
LogStats: Stats thread started at 0.242287
LogICUInternationalization: ICU TimeZone Detection - Raw Offset: +0:00, Platform Override: ''
LogInit: Display: Loading text-based GConfig....
LogPluginManager: Mounting plugin MeshPainting
LogPluginManager: Mounting plugin XGEController
LogPluginManager: Mounting plugin Paper2D
LogPluginManager: Mounting plugin AISupport
LogPluginManager: Mounting plugin EnvironmentQueryEditor
LogPluginManager: Mounting plugin LightPropagationVolume
LogPluginManager: Mounting plugin LiveLink
LogPluginManager: Mounting plugin CLionSourceCodeAccess
LogPluginManager: Mounting plugin OodleData
LogPluginManager: Mounting plugin AnimationSharing
LogPluginManager: Mounting plugin OodleNetwork
LogPluginManager: Mounting plugin GitSourceControl
LogPluginManager: Mounting plugin NullSourceCodeAccess
LogPluginManager: Mounting plugin CodeLiteSourceCodeAccess
LogPluginManager: Mounting plugin KDevelopSourceCodeAccess
LogPluginManager: Mounting plugin PluginUtils
LogPluginManager: Mounting plugin PerforceSourceControl
LogPluginManager: Mounting plugin RiderSourceCodeAccess
LogPluginManager: Mounting plugin PlasticSourceControl
LogPluginManager: Mounting plugin TextureFormatOodle
LogPluginManager: Mounting plugin UObjectPlugin
LogPluginManager: Mounting plugin VisualStudioSourceCodeAccess
LogPluginManager: Mounting plugin VisualStudioCodeSourceCodeAccess
LogPluginManager: Mounting plugin XCodeSourceCodeAccess
LogPluginManager: Mounting plugin SubversionSourceControl
LogPluginManager: Mounting plugin PixWinPlugin
LogPluginManager: Mounting plugin AssetManagerEditor
LogPluginManager: Mounting plugin PropertyAccessNode
LogPluginManager: Mounting plugin FacialAnimation
LogPluginManager: Mounting plugin CurveEditorTools
LogPluginManager: Mounting plugin GameplayTagsEditor
LogPluginManager: Mounting plugin CryptoKeys
LogPluginManager: Mounting plugin GeometryMode
LogPluginManager: Mounting plugin EditorScriptingUtilities
LogPluginManager: Mounting plugin MobileLauncherProfileWizard
LogPluginManager: Mounting plugin MaterialAnalyzer
LogPluginManager: Mounting plugin MacGraphicsSwitching
LogPluginManager: Mounting plugin PluginBrowser
LogPluginManager: Mounting plugin SpeedTreeImporter
LogPluginManager: Mounting plugin GameplayCameras
LogPluginManager: Mounting plugin CameraShakePreviewer
LogPluginManager: Mounting plugin DatasmithContent
LogPluginManager: Mounting plugin DataValidation
LogPluginManager: Mounting plugin VariantManagerContent
LogPluginManager: Mounting plugin AlembicImporter
LogPluginManager: Mounting plugin AutomationUtils
LogPluginManager: Mounting plugin BackChannel
LogPluginManager: Mounting plugin Niagara
LogPluginManager: Mounting plugin ChaosClothEditor
LogPluginManager: Mounting plugin ChaosCloth
LogPluginManager: Mounting plugin ChaosNiagara
LogPluginManager: Mounting plugin ChaosSolverPlugin
LogPluginManager: Mounting plugin CharacterAI
LogPluginManager: Mounting plugin ChaosEditor
LogPluginManager: Mounting plugin GeometryCache
LogPluginManager: Mounting plugin AndroidMedia
LogPluginManager: Mounting plugin MegascansPlugin
LogPluginManager: Mounting plugin MotoSynth
LogPluginManager: Mounting plugin OpenImageDenoise
LogPluginManager: Mounting plugin PlatformCrypto
LogPluginManager: Mounting plugin GeometryCollectionPlugin
LogPluginManager: Mounting plugin LuminPlatformFeatures
LogPluginManager: Mounting plugin PythonScriptPlugin
LogPluginManager: Mounting plugin GeometryProcessing
LogPluginManager: Mounting plugin MagicLeap
LogPluginManager: Mounting plugin PlanarCut
LogPluginManager: Mounting plugin MagicLeapMedia
LogPluginManager: Mounting plugin AvfMedia
LogPluginManager: Mounting plugin MagicLeapPassableWorld
LogPluginManager: Mounting plugin ProxyLODPlugin
LogPluginManager: Mounting plugin SkeletalReduction
LogPluginManager: Mounting plugin MLSDK
LogPluginManager: Mounting plugin MediaPlayerEditor
LogPluginManager: Mounting plugin WebMMedia
LogPluginManager: Mounting plugin WmfMedia
LogPluginManager: Mounting plugin MagicLeapLightEstimation
LogPluginManager: Mounting plugin MediaCompositing
LogPluginManager: Mounting plugin UdpMessaging
LogPluginManager: Mounting plugin ActorSequence
LogPluginManager: Mounting plugin TcpMessaging
LogPluginManager: Mounting plugin LevelSequenceEditor
LogPluginManager: Mounting plugin MatineeToLevelSequence
LogPluginManager: Mounting plugin TemplateSequence
LogPluginManager: Mounting plugin OnlineSubsystem
LogPluginManager: Mounting plugin ImgMedia
LogPluginManager: Mounting plugin OnlineSubsystemNull
LogPluginManager: Mounting plugin OnlineSubsystemUtils
LogPluginManager: Mounting plugin LauncherChunkInstaller
LogPluginManager: Mounting plugin ActorLayerUtilities
LogPluginManager: Mounting plugin AndroidDeviceProfileSelector
LogPluginManager: Mounting plugin AndroidMoviePlayer
LogPluginManager: Mounting plugin AndroidPermission
LogPluginManager: Mounting plugin AppleImageUtils
LogPluginManager: Mounting plugin AppleMoviePlayer
LogPluginManager: Mounting plugin AssetTags
LogPluginManager: Mounting plugin AudioCapture
LogPluginManager: Mounting plugin CableComponent
LogPluginManager: Mounting plugin CustomMeshComponent
LogPluginManager: Mounting plugin ChunkDownloader
LogPluginManager: Mounting plugin EditableMesh
LogPluginManager: Mounting plugin AudioSynesthesia
LogPluginManager: Mounting plugin GooglePAD
LogPluginManager: Mounting plugin GoogleCloudMessaging
LogPluginManager: Mounting plugin ScreenshotTools
LogPluginManager: Mounting plugin IOSDeviceProfileSelector
LogPluginManager: Mounting plugin LinuxDeviceProfileSelector
LogPluginManager: Mounting plugin LocationServicesBPLibrary
LogPluginManager: Mounting plugin OpenXR
LogPluginManager: Mounting plugin OpenXREyeTracker
LogPluginManager: Mounting plugin OpenXRHandTracking
LogPluginManager: Mounting plugin PhysXVehicles
LogPluginManager: Mounting plugin PostSplashScreen
LogPluginManager: Mounting plugin PropertyAccessEditor
LogPluginManager: Mounting plugin ProceduralMeshComponent
LogPluginManager: Mounting plugin ArchVisCharacter
LogPluginManager: Mounting plugin ExampleDeviceProfileSelector
LogPluginManager: Mounting plugin SignificanceManager
LogPluginManager: Mounting plugin SoundFields
LogPluginManager: Mounting plugin RuntimePhysXCooking
LogPluginManager: Mounting plugin Synthesis
LogPluginManager: Mounting plugin WebMMoviePlayer
LogPluginManager: Mounting plugin WindowsMoviePlayer
LogPluginManager: Mounting plugin MobilePatchingUtils
LogPluginManager: Mounting plugin Takes
LogPluginManager: Mounting plugin ContentBrowserAssetDataSource
LogPluginManager: Mounting plugin ContentBrowserFileDataSource
LogPluginManager: Mounting plugin ContentBrowserClassDataSource
LogPluginManager: Mounting plugin OnlineSubsystemGooglePlay
LogPluginManager: Mounting plugin OnlineSubsystemIOS
LogPluginManager: Mounting plugin SQLiteCore
LogPluginManager: Mounting plugin DatabaseSupport
LogPluginManager: Mounting plugin SQLiteSupport
LogPluginManager: Mounting plugin OculusVR
LogPluginManager: Mounting plugin SteamVR
LogInit: Warning: Incompatible or missing module: Trials
Running C:/Program Files/Epic Games/UE_4.27/Engine/Binaries/DotNET/UnrealBuildTool.exe Development Win64 -Project="K:/Mastered/Trialed/Trials/Trials.uproject" -TargetType=Editor -Progress -NoEngineChanges -NoHotReloadFromIDE
Using 'git status' to determine working set for adaptive non-unity build (K:\Mastered\Trialed).
Creating makefile for TrialsEditor (no existing makefile)
@progress push 5%
Parsing headers for TrialsEditor
  Running UnrealHeaderTool "K:\Mastered\Trialed\Trials\Trials.uproject" "K:\Mastered\Trialed\Trials\Intermediate\Build\Win64\TrialsEditor\Development\TrialsEditor.uhtmanifest" -LogCmds="loginit warning, logexit warning, logdatabase error" -Unattended -WarningsAsErrors -abslog="C:\Users\zilla\AppData\Local\UnrealBuildTool\Log_UHT.txt" -installed
LogInit: Display: Loading text-based GConfig....
Reflection code generated for TrialsEditor in 3.4218868 seconds
@progress pop
Building TrialsEditor...
Using Visual Studio 2022 14.32.31328 toolchain (C:\Program Files\Microsoft Visual Studio\2022\Professional\VC\Tools\MSVC\14.32.31326) and Windows 10.0.19041.0 SDK (C:\Program Files (x86)\Windows Kits\10).
Building 17 actions with 24 processes...
  @progress 'Compiling C++ source code...' 0%
  @progress 'Compiling C++ source code...' 6%
  [1/17] Default.rc2
  @progress 'Compiling C++ source code...' 12%
  [2/17] SharedPCH.Engine.ShadowErrors.cpp
  Detected compiler newer than Visual Studio 2019, please update min version checking in WindowsPlatformCompilerSetup.h
  @progress 'Compiling C++ source code...' 18%
  [3/17] TilePuzzle.cpp
  K:\Mastered\Trialed\Trials\Source\Trials\Public\TilePuzzle.h(32): error C2079: 'ATilePuzzle' uses undefined class 'TRIALED_API'
  K:\Mastered\Trialed\Trials\Source\Trials\Public\TilePuzzle.h(32): error C2143: syntax error: missing ';' before ':'
  K:\Mastered\Trialed\Trials\Source\Trials\Public\TilePuzzle.h(32): error C2059: syntax error: ':'
  K:\Mastered\Trialed\Trials\Source\Trials\Public\TilePuzzle.h(32): error C2059: syntax error: 'public'
  K:\Mastered\Trialed\Trials\Source\Trials\Public\TilePuzzle.h(33): error C2143: syntax error: missing ';' before '{'
  K:\Mastered\Trialed\Trials\Source\Trials\Public\TilePuzzle.h(33): error C2447: '{': missing function header (old-style formal list?)
  K:\Mastered\Trialed\Trials\Source\Trials\Public\Zilly.h(17): error C2079: 'AZilly' uses undefined class 'TRIALED_API'
  K:\Mastered\Trialed\Trials\Source\Trials\Public\Zilly.h(17): error C2143: syntax error: missing ';' before ':'
  K:\Mastered\Trialed\Trials\Source\Trials\Public\Zilly.h(17): error C2059: syntax error: ':'
  K:\Mastered\Trialed\Trials\Source\Trials\Public\Zilly.h(17): error C2059: syntax error: 'public'
  K:\Mastered\Trialed\Trials\Source\Trials\Public\Zilly.h(18): error C2143: syntax error: missing ';' before '{'
  K:\Mastered\Trialed\Trials\Source\Trials\Public\Zilly.h(18): error C2447: '{': missing function header (old-style formal list?)
  K:\Mastered\Trialed\Trials\Source\Trials\Private\TilePuzzle.cpp(7): fatal error C1083: Cannot open include file: '../../../Plugins/Developer/RiderLink/Source/RD/thirdparty/clsocket/src/ActiveSocket.h': No such file or directory
  @progress 'Compiling C++ source code...' 24%
  [4/17] FenceSpline.cpp
  K:\Mastered\Trialed\Trials\Source\Trials\Public\FenceSpline.h(12): error C2079: 'AFenceSpline' uses undefined class 'TRIALED_API'
  K:\Mastered\Trialed\Trials\Source\Trials\Public\FenceSpline.h(12): error C2143: syntax error: missing ';' before ':'
  K:\Mastered\Trialed\Trials\Source\Trials\Public\FenceSpline.h(12): error C2059: syntax error: ':'
  K:\Mastered\Trialed\Trials\Source\Trials\Public\FenceSpline.h(12): error C2059: syntax error: 'public'
  K:\Mastered\Trialed\Trials\Source\Trials\Public\FenceSpline.h(13): error C2143: syntax error: missing ';' before '{'
  K:\Mastered\Trialed\Trials\Source\Trials\Public\FenceSpline.h(13): error C2447: '{': missing function header (old-style formal list?)
  K:\Mastered\Trialed\Trials\Source\Trials\Private\FenceSpline.cpp(8): error C2027: use of undefined type 'AFenceSpline'
  K:\Mastered\Trialed\Trials\Intermediate\Build\Win64\UE4Editor\Inc\Trials\FenceSpline.generated.h(92): note: see declaration of 'AFenceSpline'
  K:\Mastered\Trialed\Trials\Source\Trials\Private\FenceSpline.cpp(9): error C4430: missing type specifier - int assumed. Note: C++ does not support default-int
  K:\Mastered\Trialed\Trials\Source\Trials\Private\FenceSpline.cpp(11): error C2065: 'PrimaryActorTick': undeclared identifier
  K:\Mastered\Trialed\Trials\Source\Trials\Private\FenceSpline.cpp(13): error C2065: 'FenceSplineComp': undeclared identifier
  K:\Mastered\Trialed\Trials\Source\Trials\Private\FenceSpline.cpp(13): error C2065: 'CreateDefaultSubobject': undeclared identifier
  K:\Mastered\Trialed\Trials\Source\Trials\Private\FenceSpline.cpp(13): error C2275: 'USplineComponent': expected an expression instead of a type
  K:\Mastered\Trialed\Trials\Source\Trials\Private\FenceSpline.cpp(14): error C2065: 'RootComponent': undeclared identifier
  K:\Mastered\Trialed\Trials\Source\Trials\Private\FenceSpline.cpp(14): error C2065: 'FenceSplineComp': undeclared identifier
  K:\Mastered\Trialed\Trials\Source\Trials\Private\FenceSpline.cpp(18): error C4508: '{ctor}': function should return a value; 'void' return type assumed
  K:\Mastered\Trialed\Trials\Source\Trials\Private\FenceSpline.cpp(21): error C2027: use of undefined type 'AFenceSpline'
  K:\Mastered\Trialed\Trials\Intermediate\Build\Win64\UE4Editor\Inc\Trials\FenceSpline.generated.h(92): note: see declaration of 'AFenceSpline'
  K:\Mastered\Trialed\Trials\Source\Trials\Private\FenceSpline.cpp(23): error C2653: 'Super': is not a class or namespace name
  K:\Mastered\Trialed\Trials\Source\Trials\Private\FenceSpline.cpp(27): error C2027: use of undefined type 'AFenceSpline'
  K:\Mastered\Trialed\Trials\Intermediate\Build\Win64\UE4Editor\Inc\Trials\FenceSpline.generated.h(92): note: see declaration of 'AFenceSpline'
  K:\Mastered\Trialed\Trials\Source\Trials\Private\FenceSpline.cpp(29): error C2653: 'Super': is not a class or namespace name
  K:\Mastered\Trialed\Trials\Source\Trials\Private\FenceSpline.cpp(31): error C2065: 'FenceMesh': undeclared identifier
  K:\Mastered\Trialed\Trials\Source\Trials\Private\FenceSpline.cpp(34): error C2065: 'FenceSplineComp': undeclared identifier
  K:\Mastered\Trialed\Trials\Source\Trials\Private\FenceSpline.cpp(36): error C2355: 'this': can only be referenced inside non-static member functions or non-static data member initializers
  K:\Mastered\Trialed\Trials\Source\Trials\Private\FenceSpline.cpp(37): error C2065: 'FenceMesh': undeclared identifier
  K:\Mastered\Trialed\Trials\Source\Trials\Private\FenceSpline.cpp(39): error C2065: 'SplineAxis': undeclared identifier
  K:\Mastered\Trialed\Trials\Source\Trials\Private\FenceSpline.cpp(41): error C3861: 'GetWorld': identifier not found
  K:\Mastered\Trialed\Trials\Source\Trials\Private\FenceSpline.cpp(42): error C2065: 'FenceSplineComp': undeclared identifier
  K:\Mastered\Trialed\Trials\Source\Trials\Private\FenceSpline.cpp(44): error C2065: 'FenceSplineComp': undeclared identifier
  K:\Mastered\Trialed\Trials\Source\Trials\Private\FenceSpline.cpp(45): error C2065: 'FenceSplineComp': undeclared identifier
  K:\Mastered\Trialed\Trials\Source\Trials\Private\FenceSpline.cpp(46): error C2065: 'FenceSplineComp': undeclared identifier
  K:\Mastered\Trialed\Trials\Source\Trials\Private\FenceSpline.cpp(47): error C2065: 'FenceSplineComp': undeclared identifier
  K:\Mastered\Trialed\Trials\Source\Trials\Private\FenceSpline.cpp(57): error C2027: use of undefined type 'AFenceSpline'
  K:\Mastered\Trialed\Trials\Intermediate\Build\Win64\UE4Editor\Inc\Trials\FenceSpline.generated.h(92): note: see declaration of 'AFenceSpline'
  K:\Mastered\Trialed\Trials\Source\Trials\Private\FenceSpline.cpp(59): error C2653: 'Super': is not a class or namespace name
  @progress 'Compiling C++ source code...' 29%
  [5/17] PunchStartNotify.gen.cpp
  K:\Mastered\Trialed\Trials\Source\Trials/Public/PunchStartNotify.h(13): error C2079: 'UPunchStartNotify' uses undefined class 'TRIALED_API'
  K:\Mastered\Trialed\Trials\Source\Trials/Public/PunchStartNotify.h(13): error C2143: syntax error: missing ';' before ':'
  K:\Mastered\Trialed\Trials\Source\Trials/Public/PunchStartNotify.h(13): error C2059: syntax error: ':'
  K:\Mastered\Trialed\Trials\Source\Trials/Public/PunchStartNotify.h(13): error C2059: syntax error: 'public'
  K:\Mastered\Trialed\Trials\Source\Trials/Public/PunchStartNotify.h(14): error C2143: syntax error: missing ';' before '{'
  K:\Mastered\Trialed\Trials\Source\Trials/Public/PunchStartNotify.h(14): error C2447: '{': missing function header (old-style formal list?)
  K:\Mastered\Trialed\Trials\Intermediate\Build\Win64\UE4Editor\Inc\Trials\PunchStartNotify.gen.cpp(21): error C2027: use of undefined type 'UPunchStartNotify'
  K:\Mastered\Trialed\Trials\Intermediate\Build\Win64\UE4Editor\Inc\Trials\PunchStartNotify.generated.h(89): note: see declaration of 'UPunchStartNotify'
  K:\Mastered\Trialed\Trials\Intermediate\Build\Win64\UE4Editor\Inc\Trials\PunchStartNotify.gen.cpp(26): error C2027: use of undefined type 'UPunchStartNotify'
  K:\Mastered\Trialed\Trials\Intermediate\Build\Win64\UE4Editor\Inc\Trials\PunchStartNotify.generated.h(89): note: see declaration of 'UPunchStartNotify'
  K:\Mastered\Trialed\Trials\Intermediate\Build\Win64\UE4Editor\Inc\Trials\PunchStartNotify.gen.cpp(26): error C2672: 'StaticClass': no matching overloaded function found
  K:\Mastered\Trialed\Trials\Intermediate\Build\Win64\UE4Editor\Inc\Trials\PunchStartNotify.gen.cpp(26): error C2783: 'UClass *StaticClass(void)': could not deduce template argument for 'ClassType'
  C:\Program Files\Epic Games\UE_4.27\Engine\Source\Runtime\CoreUObject\Public\UObject/ReflectedTypeAccessors.h(13): note: see declaration of 'StaticClass'
  K:\Mastered\Trialed\Trials\Intermediate\Build\Win64\UE4Editor\Inc\Trials\PunchStartNotify.gen.cpp(50): error C2923: 'TCppClassTypeTraits': 'UPunchStartNotify' is not a valid template type argument for parameter 'CPPCLASS'
  K:\Mastered\Trialed\Trials\Source\Trials/Public/PunchStartNotify.h(13): note: see declaration of 'UPunchStartNotify'
  K:\Mastered\Trialed\Trials\Intermediate\Build\Win64\UE4Editor\Inc\Trials\PunchStartNotify.gen.cpp(50): error C2955: 'TCppClassTypeTraits': use of class template requires template argument list
  C:\Program Files\Epic Games\UE_4.27\Engine\Source\Runtime\CoreUObject\Public\UObject/Class.h(2522): note: see declaration of 'TCppClassTypeTraits'
  K:\Mastered\Trialed\Trials\Intermediate\Build\Win64\UE4Editor\Inc\Trials\PunchStartNotify.gen.cpp(50): error C4800: Implicit conversion from 'TCppClassTypeTraits<CPPCLASS>::<unnamed-enum-IsAbstract>' to bool. Possible information loss
  K:\Mastered\Trialed\Trials\Intermediate\Build\Win64\UE4Editor\Inc\Trials\PunchStartNotify.gen.cpp(51): note: consider using explicit cast or comparison to 0 to avoid this warning
  C:\Program Files\Epic Games\UE_4.27\Engine\Source\Runtime\CoreUObject\Public\UObject/Class.h(2525): note: see declaration of 'TCppClassTypeTraits<CPPCLASS>::<unnamed-enum-IsAbstract>'
  K:\Mastered\Trialed\Trials\Intermediate\Build\Win64\UE4Editor\Inc\Trials\PunchStartNotify.gen.cpp(51): warning C4305: 'initializing': truncation from 'TCppClassTypeTraits<CPPCLASS>::<unnamed-enum-IsAbstract>' to 'bool'
  K:\Mastered\Trialed\Trials\Intermediate\Build\Win64\UE4Editor\Inc\Trials\PunchStartNotify.gen.cpp(53): error C2027: use of undefined type 'UPunchStartNotify'
  K:\Mastered\Trialed\Trials\Intermediate\Build\Win64\UE4Editor\Inc\Trials\PunchStartNotify.generated.h(89): note: see declaration of 'UPunchStartNotify'
  K:\Mastered\Trialed\Trials\Intermediate\Build\Win64\UE4Editor\Inc\Trials\PunchStartNotify.gen.cpp(53): error C2440: 'initializing': cannot convert from 'overloaded-function' to 'UClass *(__cdecl *)(void)'
  K:\Mastered\Trialed\Trials\Intermediate\Build\Win64\UE4Editor\Inc\Trials\PunchStartNotify.gen.cpp(53): note: None of the functions with this name in scope match the target type
  K:\Mastered\Trialed\Trials\Intermediate\Build\Win64\UE4Editor\Inc\Trials\PunchStartNotify.gen.cpp(76): error C2923: 'TClassCompiledInDefer': 'UPunchStartNotify' is not a valid template type argument for parameter 'TClass'
  K:\Mastered\Trialed\Trials\Source\Trials/Public/PunchStartNotify.h(13): note: see declaration of 'UPunchStartNotify'
  K:\Mastered\Trialed\Trials\Intermediate\Build\Win64\UE4Editor\Inc\Trials\PunchStartNotify.gen.cpp(76): error C2514: 'TClassCompiledInDefer': class template cannot be constructed
  C:\Program Files\Epic Games\UE_4.27\Engine\Source\Runtime\CoreUObject\Public\UObject/UObjectBase.h(291): note: see declaration of 'TClassCompiledInDefer'
  K:\Mastered\Trialed\Trials\Intermediate\Build\Win64\UE4Editor\Inc\Trials\PunchStartNotify.gen.cpp(76): error C2027: use of undefined type 'UPunchStartNotify'
  K:\Mastered\Trialed\Trials\Intermediate\Build\Win64\UE4Editor\Inc\Trials\PunchStartNotify.generated.h(89): note: see declaration of 'UPunchStartNotify'
  K:\Mastered\Trialed\Trials\Intermediate\Build\Win64\UE4Editor\Inc\Trials\PunchStartNotify.gen.cpp(76): error C3861: 'StaticPackage': identifier not found
  K:\Mastered\Trialed\Trials\Intermediate\Build\Win64\UE4Editor\Inc\Trials\PunchStartNotify.gen.cpp(76): error C2065: 'StaticClassFlags': undeclared identifier
  K:\Mastered\Trialed\Trials\Intermediate\Build\Win64\UE4Editor\Inc\Trials\PunchStartNotify.gen.cpp(76): error C2061: syntax error: identifier 'UPunchStartNotify'
  K:\Mastered\Trialed\Trials\Intermediate\Build\Win64\UE4Editor\Inc\Trials\PunchStartNotify.gen.cpp(78): error C2912: explicit specialization 'UClass *StaticClass<UPunchStartNotify>(void)' is not a specialization of a function template
  K:\Mastered\Trialed\Trials\Intermediate\Build\Win64\UE4Editor\Inc\Trials\PunchStartNotify.gen.cpp(79): error C2027: use of undefined type 'UPunchStartNotify'
  K:\Mastered\Trialed\Trials\Intermediate\Build\Win64\UE4Editor\Inc\Trials\PunchStartNotify.generated.h(89): note: see declaration of 'UPunchStartNotify'
  K:\Mastered\Trialed\Trials\Intermediate\Build\Win64\UE4Editor\Inc\Trials\PunchStartNotify.gen.cpp(79): error C2672: 'StaticClass': no matching overloaded function found
  K:\Mastered\Trialed\Trials\Intermediate\Build\Win64\UE4Editor\Inc\Trials\PunchStartNotify.gen.cpp(79): error C2783: 'UClass *StaticClass(void)': could not deduce template argument for 'ClassType'
  C:\Program Files\Epic Games\UE_4.27\Engine\Source\Runtime\CoreUObject\Public\UObject/ReflectedTypeAccessors.h(13): note: see declaration of 'StaticClass'
  K:\Mastered\Trialed\Trials\Intermediate\Build\Win64\UE4Editor\Inc\Trials\PunchStartNotify.gen.cpp(81): error C2027: use of undefined type 'UPunchStartNotify'
  K:\Mastered\Trialed\Trials\Intermediate\Build\Win64\UE4Editor\Inc\Trials\PunchStartNotify.generated.h(89): note: see declaration of 'UPunchStartNotify'
  K:\Mastered\Trialed\Trials\Intermediate\Build\Win64\UE4Editor\Inc\Trials\PunchStartNotify.gen.cpp(81): error C2664: 'FCompiledInDefer::FCompiledInDefer(UClass *(__cdecl *)(void),UClass *(__cdecl *)(void),const TCHAR *,const TCHAR *,bool,const TCHAR *,const TCHAR *,void (__cdecl *)(TMap<FName,FName,FDefaultSetAllocator,TDefaultMapHashableKeyFuncs<KeyType,ValueType,false>> &))': cannot convert argument 2 from 'UClass *(__cdecl *)(void)' to 'UClass *(__cdecl *)(void)'
          with
          [
              KeyType=FName,
              ValueType=FName
          ]
  K:\Mastered\Trialed\Trials\Intermediate\Build\Win64\UE4Editor\Inc\Trials\PunchStartNotify.gen.cpp(81): note: None of the functions with this name in scope match the target type
  C:\Program Files\Epic Games\UE_4.27\Engine\Source\Runtime\CoreUObject\Public\UObject/UObjectBase.h(316): note: see declaration of 'FCompiledInDefer::FCompiledInDefer'
  K:\Mastered\Trialed\Trials\Intermediate\Build\Win64\UE4Editor\Inc\Trials\PunchStartNotify.gen.cpp(82): error C2027: use of undefined type 'UPunchStartNotify'
  K:\Mastered\Trialed\Trials\Intermediate\Build\Win64\UE4Editor\Inc\Trials\PunchStartNotify.generated.h(89): note: see declaration of 'UPunchStartNotify'
  K:\Mastered\Trialed\Trials\Intermediate\Build\Win64\UE4Editor\Inc\Trials\PunchStartNotify.gen.cpp(82): error C4430: missing type specifier - int assumed. Note: C++ does not support default-int
  K:\Mastered\Trialed\Trials\Intermediate\Build\Win64\UE4Editor\Inc\Trials\PunchStartNotify.gen.cpp(82): error C2550: '{ctor}': constructor initializer lists are only allowed on constructor definitions
  K:\Mastered\Trialed\Trials\Intermediate\Build\Win64\UE4Editor\Inc\Trials\PunchStartNotify.gen.cpp(82): error C4508: '{ctor}': function should return a value; 'void' return type assumed
  @progress 'Compiling C++ source code...' 35%
  [6/17] PunchStartNotify.cpp
  K:\Mastered\Trialed\Trials\Source\Trials\Public\PunchStartNotify.h(13): error C2079: 'UPunchStartNotify' uses undefined class 'TRIALED_API'
  K:\Mastered\Trialed\Trials\Source\Trials\Public\PunchStartNotify.h(13): error C2143: syntax error: missing ';' before ':'
  K:\Mastered\Trialed\Trials\Source\Trials\Public\PunchStartNotify.h(13): error C2059: syntax error: ':'
  K:\Mastered\Trialed\Trials\Source\Trials\Public\PunchStartNotify.h(13): error C2059: syntax error: 'public'
  K:\Mastered\Trialed\Trials\Source\Trials\Public\PunchStartNotify.h(14): error C2143: syntax error: missing ';' before '{'
  K:\Mastered\Trialed\Trials\Source\Trials\Public\PunchStartNotify.h(14): error C2447: '{': missing function header (old-style formal list?)
  K:\Mastered\Trialed\Trials\Source\Trials\Public\Zilly.h(17): error C2079: 'AZilly' uses undefined class 'TRIALED_API'
  K:\Mastered\Trialed\Trials\Source\Trials\Public\Zilly.h(17): error C2143: syntax error: missing ';' before ':'
  K:\Mastered\Trialed\Trials\Source\Trials\Public\Zilly.h(17): error C2059: syntax error: ':'
  K:\Mastered\Trialed\Trials\Source\Trials\Public\Zilly.h(17): error C2059: syntax error: 'public'
  K:\Mastered\Trialed\Trials\Source\Trials\Public\Zilly.h(18): error C2143: syntax error: missing ';' before '{'
  K:\Mastered\Trialed\Trials\Source\Trials\Public\Zilly.h(18): error C2447: '{': missing function header (old-style formal list?)
  K:\Mastered\Trialed\Trials\Source\Trials\Private\PunchStartNotify.cpp(8): error C2027: use of undefined type 'UPunchStartNotify'
  K:\Mastered\Trialed\Trials\Intermediate\Build\Win64\UE4Editor\Inc\Trials\PunchStartNotify.generated.h(89): note: see declaration of 'UPunchStartNotify'
  K:\Mastered\Trialed\Trials\Source\Trials\Private\PunchStartNotify.cpp(13): error C2065: 'Player': undeclared identifier
  K:\Mastered\Trialed\Trials\Source\Trials\Private\PunchStartNotify.cpp(13): error C2672: 'Cast': no matching overloaded function found
  K:\Mastered\Trialed\Trials\Source\Trials\Private\PunchStartNotify.cpp(13): error C2974: 'Cast': invalid template argument for 'T', type expected
  C:\Program Files\Epic Games\UE_4.27\Engine\Source\Runtime\Engine\Classes\Engine/World.h(107): note: see declaration of 'Cast'
  K:\Mastered\Trialed\Trials\Source\Trials\Private\PunchStartNotify.cpp(13): error C2974: 'Cast': invalid template argument for 'To', type expected
  C:\Program Files\Epic Games\UE_4.27\Engine\Source\Runtime\CoreUObject\Public\Templates/Casts.h(109): note: see declaration of 'Cast'
  K:\Mastered\Trialed\Trials\Source\Trials\Private\PunchStartNotify.cpp(15): error C2065: 'Player': undeclared identifier
  K:\Mastered\Trialed\Trials\Source\Trials\Private\PunchStartNotify.cpp(17): error C2065: 'Player': undeclared identifier
  K:\Mastered\Trialed\Trials\Source\Trials\Private\PunchStartNotify.cpp(20): error C2027: use of undefined type 'UPunchStartNotify'
  K:\Mastered\Trialed\Trials\Intermediate\Build\Win64\UE4Editor\Inc\Trials\PunchStartNotify.generated.h(89): note: see declaration of 'UPunchStartNotify'
  K:\Mastered\Trialed\Trials\Source\Trials\Private\PunchStartNotify.cpp(25): error C2065: 'Player': undeclared identifier
  K:\Mastered\Trialed\Trials\Source\Trials\Private\PunchStartNotify.cpp(25): error C2672: 'Cast': no matching overloaded function found
  K:\Mastered\Trialed\Trials\Source\Trials\Private\PunchStartNotify.cpp(25): error C2974: 'Cast': invalid template argument for 'T', type expected
  C:\Program Files\Epic Games\UE_4.27\Engine\Source\Runtime\Engine\Classes\Engine/World.h(107): note: see declaration of 'Cast'
  K:\Mastered\Trialed\Trials\Source\Trials\Private\PunchStartNotify.cpp(25): error C2974: 'Cast': invalid template argument for 'To', type expected
  C:\Program Files\Epic Games\UE_4.27\Engine\Source\Runtime\CoreUObject\Public\Templates/Casts.h(109): note: see declaration of 'Cast'
  K:\Mastered\Trialed\Trials\Source\Trials\Private\PunchStartNotify.cpp(27): error C2065: 'Player': undeclared identifier
  K:\Mastered\Trialed\Trials\Source\Trials\Private\PunchStartNotify.cpp(29): error C2065: 'Player': undeclared identifier
  @progress 'Compiling C++ source code...' 41%
  [7/17] TilePuzzle.gen.cpp
  K:\Mastered\Trialed\Trials\Source\Trials/Public/TilePuzzle.h(32): error C2079: 'ATilePuzzle' uses undefined class 'TRIALED_API'
  K:\Mastered\Trialed\Trials\Source\Trials/Public/TilePuzzle.h(32): error C2143: syntax error: missing ';' before ':'
  K:\Mastered\Trialed\Trials\Source\Trials/Public/TilePuzzle.h(32): error C2059: syntax error: ':'
  K:\Mastered\Trialed\Trials\Source\Trials/Public/TilePuzzle.h(32): error C2059: syntax error: 'public'
  K:\Mastered\Trialed\Trials\Source\Trials/Public/TilePuzzle.h(33): error C2143: syntax error: missing ';' before '{'
  K:\Mastered\Trialed\Trials\Source\Trials/Public/TilePuzzle.h(33): error C2447: '{': missing function header (old-style formal list?)
  K:\Mastered\Trialed\Trials\Intermediate\Build\Win64\UE4Editor\Inc\Trials\TilePuzzle.gen.cpp(172): error C2027: use of undefined type 'ATilePuzzle'
  K:\Mastered\Trialed\Trials\Intermediate\Build\Win64\UE4Editor\Inc\Trials\TilePuzzle.generated.h(105): note: see declaration of 'ATilePuzzle'
  K:\Mastered\Trialed\Trials\Intermediate\Build\Win64\UE4Editor\Inc\Trials\TilePuzzle.gen.cpp(182): error C2065: 'ThisClass': undeclared identifier
  K:\Mastered\Trialed\Trials\Intermediate\Build\Win64\UE4Editor\Inc\Trials\TilePuzzle.gen.cpp(182): error C2059: syntax error: ')'
  K:\Mastered\Trialed\Trials\Intermediate\Build\Win64\UE4Editor\Inc\Trials\TilePuzzle.gen.cpp(185): error C2027: use of undefined type 'ATilePuzzle'
  K:\Mastered\Trialed\Trials\Intermediate\Build\Win64\UE4Editor\Inc\Trials\TilePuzzle.generated.h(105): note: see declaration of 'ATilePuzzle'
  K:\Mastered\Trialed\Trials\Intermediate\Build\Win64\UE4Editor\Inc\Trials\TilePuzzle.gen.cpp(187): error C2027: use of undefined type 'ATilePuzzle'
  K:\Mastered\Trialed\Trials\Intermediate\Build\Win64\UE4Editor\Inc\Trials\TilePuzzle.generated.h(105): note: see declaration of 'ATilePuzzle'
  K:\Mastered\Trialed\Trials\Intermediate\Build\Win64\UE4Editor\Inc\Trials\TilePuzzle.gen.cpp(187): error C2672: 'StaticClass': no matching overloaded function found
  K:\Mastered\Trialed\Trials\Intermediate\Build\Win64\UE4Editor\Inc\Trials\TilePuzzle.gen.cpp(187): error C2783: 'UClass *StaticClass(void)': could not deduce template argument for 'ClassType'
  C:\Program Files\Epic Games\UE_4.27\Engine\Source\Runtime\CoreUObject\Public\UObject/ReflectedTypeAccessors.h(13): note: see declaration of 'StaticClass'
  K:\Mastered\Trialed\Trials\Intermediate\Build\Win64\UE4Editor\Inc\Trials\TilePuzzle.gen.cpp(189): error C2027: use of undefined type 'ATilePuzzle'
  K:\Mastered\Trialed\Trials\Intermediate\Build\Win64\UE4Editor\Inc\Trials\TilePuzzle.generated.h(105): note: see declaration of 'ATilePuzzle'
  K:\Mastered\Trialed\Trials\Intermediate\Build\Win64\UE4Editor\Inc\Trials\TilePuzzle.gen.cpp(276): error C2027: use of undefined type 'ATilePuzzle'
  K:\Mastered\Trialed\Trials\Intermediate\Build\Win64\UE4Editor\Inc\Trials\TilePuzzle.generated.h(105): note: see declaration of 'ATilePuzzle'
  K:\Mastered\Trialed\Trials\Intermediate\Build\Win64\UE4Editor\Inc\Trials\TilePuzzle.gen.cpp(276): error C2672: 'StaticClass': no matching overloaded function found
  K:\Mastered\Trialed\Trials\Intermediate\Build\Win64\UE4Editor\Inc\Trials\TilePuzzle.gen.cpp(276): error C2783: 'UClass *StaticClass(void)': could not deduce template argument for 'ClassType'
  C:\Program Files\Epic Games\UE_4.27\Engine\Source\Runtime\CoreUObject\Public\UObject/ReflectedTypeAccessors.h(13): note: see declaration of 'StaticClass'
  K:\Mastered\Trialed\Trials\Intermediate\Build\Win64\UE4Editor\Inc\Trials\TilePuzzle.gen.cpp(334): error C2615: 'offsetof' cannot be applied to non-class type 'int'
  K:\Mastered\Trialed\Trials\Intermediate\Build\Win64\UE4Editor\Inc\Trials\TilePuzzle.gen.cpp(341): error C2615: 'offsetof' cannot be applied to non-class type 'int'
  K:\Mastered\Trialed\Trials\Intermediate\Build\Win64\UE4Editor\Inc\Trials\TilePuzzle.gen.cpp(348): error C2615: 'offsetof' cannot be applied to non-class type 'int'
  K:\Mastered\Trialed\Trials\Intermediate\Build\Win64\UE4Editor\Inc\Trials\TilePuzzle.gen.cpp(356): error C2615: 'offsetof' cannot be applied to non-class type 'int'
  K:\Mastered\Trialed\Trials\Intermediate\Build\Win64\UE4Editor\Inc\Trials\TilePuzzle.gen.cpp(365): error C2615: 'offsetof' cannot be applied to non-class type 'int'
  K:\Mastered\Trialed\Trials\Intermediate\Build\Win64\UE4Editor\Inc\Trials\TilePuzzle.gen.cpp(372): error C2615: 'offsetof' cannot be applied to non-class type 'int'
  K:\Mastered\Trialed\Trials\Intermediate\Build\Win64\UE4Editor\Inc\Trials\TilePuzzle.gen.cpp(384): error C2923: 'TCppClassTypeTraits': 'ATilePuzzle' is not a valid template type argument for parameter 'CPPCLASS'
  K:\Mastered\Trialed\Trials\Source\Trials/Public/TilePuzzle.h(32): note: see declaration of 'ATilePuzzle'
  K:\Mastered\Trialed\Trials\Intermediate\Build\Win64\UE4Editor\Inc\Trials\TilePuzzle.gen.cpp(384): error C2955: 'TCppClassTypeTraits': use of class template requires template argument list
  C:\Program Files\Epic Games\UE_4.27\Engine\Source\Runtime\CoreUObject\Public\UObject/Class.h(2522): note: see declaration of 'TCppClassTypeTraits'
  K:\Mastered\Trialed\Trials\Intermediate\Build\Win64\UE4Editor\Inc\Trials\TilePuzzle.gen.cpp(384): error C4800: Implicit conversion from 'TCppClassTypeTraits<CPPCLASS>::<unnamed-enum-IsAbstract>' to bool. Possible information loss
  K:\Mastered\Trialed\Trials\Intermediate\Build\Win64\UE4Editor\Inc\Trials\TilePuzzle.gen.cpp(385): note: consider using explicit cast or comparison to 0 to avoid this warning
  C:\Program Files\Epic Games\UE_4.27\Engine\Source\Runtime\CoreUObject\Public\UObject/Class.h(2525): note: see declaration of 'TCppClassTypeTraits<CPPCLASS>::<unnamed-enum-IsAbstract>'
  K:\Mastered\Trialed\Trials\Intermediate\Build\Win64\UE4Editor\Inc\Trials\TilePuzzle.gen.cpp(385): warning C4305: 'initializing': truncation from 'TCppClassTypeTraits<CPPCLASS>::<unnamed-enum-IsAbstract>' to 'bool'
  K:\Mastered\Trialed\Trials\Intermediate\Build\Win64\UE4Editor\Inc\Trials\TilePuzzle.gen.cpp(387): error C2027: use of undefined type 'ATilePuzzle'
  K:\Mastered\Trialed\Trials\Intermediate\Build\Win64\UE4Editor\Inc\Trials\TilePuzzle.generated.h(105): note: see declaration of 'ATilePuzzle'
  K:\Mastered\Trialed\Trials\Intermediate\Build\Win64\UE4Editor\Inc\Trials\TilePuzzle.gen.cpp(387): error C2440: 'initializing': cannot convert from 'overloaded-function' to 'UClass *(__cdecl *)(void)'
  K:\Mastered\Trialed\Trials\Intermediate\Build\Win64\UE4Editor\Inc\Trials\TilePuzzle.gen.cpp(387): note: None of the functions with this name in scope match the target type
  K:\Mastered\Trialed\Trials\Intermediate\Build\Win64\UE4Editor\Inc\Trials\TilePuzzle.gen.cpp(410): error C2923: 'TClassCompiledInDefer': 'ATilePuzzle' is not a valid template type argument for parameter 'TClass'
  K:\Mastered\Trialed\Trials\Source\Trials/Public/TilePuzzle.h(32): note: see declaration of 'ATilePuzzle'
  K:\Mastered\Trialed\Trials\Intermediate\Build\Win64\UE4Editor\Inc\Trials\TilePuzzle.gen.cpp(410): error C2514: 'TClassCompiledInDefer': class template cannot be constructed
  C:\Program Files\Epic Games\UE_4.27\Engine\Source\Runtime\CoreUObject\Public\UObject/UObjectBase.h(291): note: see declaration of 'TClassCompiledInDefer'
  K:\Mastered\Trialed\Trials\Intermediate\Build\Win64\UE4Editor\Inc\Trials\TilePuzzle.gen.cpp(410): error C2027: use of undefined type 'ATilePuzzle'
  K:\Mastered\Trialed\Trials\Intermediate\Build\Win64\UE4Editor\Inc\Trials\TilePuzzle.generated.h(105): note: see declaration of 'ATilePuzzle'
  K:\Mastered\Trialed\Trials\Intermediate\Build\Win64\UE4Editor\Inc\Trials\TilePuzzle.gen.cpp(410): error C3861: 'StaticPackage': identifier not found
  K:\Mastered\Trialed\Trials\Intermediate\Build\Win64\UE4Editor\Inc\Trials\TilePuzzle.gen.cpp(410): error C2065: 'StaticClassFlags': undeclared identifier
  K:\Mastered\Trialed\Trials\Intermediate\Build\Win64\UE4Editor\Inc\Trials\TilePuzzle.gen.cpp(410): error C2061: syntax error: identifier 'ATilePuzzle'
  K:\Mastered\Trialed\Trials\Intermediate\Build\Win64\UE4Editor\Inc\Trials\TilePuzzle.gen.cpp(412): error C2912: explicit specialization 'UClass *StaticClass<ATilePuzzle>(void)' is not a specialization of a function template
  K:\Mastered\Trialed\Trials\Intermediate\Build\Win64\UE4Editor\Inc\Trials\TilePuzzle.gen.cpp(413): error C2027: use of undefined type 'ATilePuzzle'
  K:\Mastered\Trialed\Trials\Intermediate\Build\Win64\UE4Editor\Inc\Trials\TilePuzzle.generated.h(105): note: see declaration of 'ATilePuzzle'
  K:\Mastered\Trialed\Trials\Intermediate\Build\Win64\UE4Editor\Inc\Trials\TilePuzzle.gen.cpp(413): error C2672: 'StaticClass': no matching overloaded function found
  K:\Mastered\Trialed\Trials\Intermediate\Build\Win64\UE4Editor\Inc\Trials\TilePuzzle.gen.cpp(413): error C2783: 'UClass *StaticClass(void)': could not deduce template argument for 'ClassType'
  C:\Program Files\Epic Games\UE_4.27\Engine\Source\Runtime\CoreUObject\Public\UObject/ReflectedTypeAccessors.h(13): note: see declaration of 'StaticClass'
  K:\Mastered\Trialed\Trials\Intermediate\Build\Win64\UE4Editor\Inc\Trials\TilePuzzle.gen.cpp(415): error C2027: use of undefined type 'ATilePuzzle'
  K:\Mastered\Trialed\Trials\Intermediate\Build\Win64\UE4Editor\Inc\Trials\TilePuzzle.generated.h(105): note: see declaration of 'ATilePuzzle'
  K:\Mastered\Trialed\Trials\Intermediate\Build\Win64\UE4Editor\Inc\Trials\TilePuzzle.gen.cpp(415): error C2664: 'FCompiledInDefer::FCompiledInDefer(UClass *(__cdecl *)(void),UClass *(__cdecl *)(void),const TCHAR *,const TCHAR *,bool,const TCHAR *,const TCHAR *,void (__cdecl *)(TMap<FName,FName,FDefaultSetAllocator,TDefaultMapHashableKeyFuncs<KeyType,ValueType,false>> &))': cannot convert argument 2 from 'UClass *(__cdecl *)(void)' to 'UClass *(__cdecl *)(void)'
          with
          [
              KeyType=FName,
              ValueType=FName
          ]
  K:\Mastered\Trialed\Trials\Intermediate\Build\Win64\UE4Editor\Inc\Trials\TilePuzzle.gen.cpp(415): note: None of the functions with this name in scope match the target type
  C:\Program Files\Epic Games\UE_4.27\Engine\Source\Runtime\CoreUObject\Public\UObject/UObjectBase.h(316): note: see declaration of 'FCompiledInDefer::FCompiledInDefer'
  K:\Mastered\Trialed\Trials\Intermediate\Build\Win64\UE4Editor\Inc\Trials\TilePuzzle.gen.cpp(416): error C2027: use of undefined type 'ATilePuzzle'
  K:\Mastered\Trialed\Trials\Intermediate\Build\Win64\UE4Editor\Inc\Trials\TilePuzzle.generated.h(105): note: see declaration of 'ATilePuzzle'
  K:\Mastered\Trialed\Trials\Intermediate\Build\Win64\UE4Editor\Inc\Trials\TilePuzzle.gen.cpp(416): error C4430: missing type specifier - int assumed. Note: C++ does not support default-int
  K:\Mastered\Trialed\Trials\Intermediate\Build\Win64\UE4Editor\Inc\Trials\TilePuzzle.gen.cpp(416): error C2550: '{ctor}': constructor initializer lists are only allowed on constructor definitions
  K:\Mastered\Trialed\Trials\Intermediate\Build\Win64\UE4Editor\Inc\Trials\TilePuzzle.gen.cpp(416): error C4508: '{ctor}': function should return a value; 'void' return type assumed
  @progress 'Compiling C++ source code...' 47%
  [8/17] FenceSpline.gen.cpp
  K:\Mastered\Trialed\Trials\Source\Trials/Public/FenceSpline.h(12): error C2079: 'AFenceSpline' uses undefined class 'TRIALED_API'
  K:\Mastered\Trialed\Trials\Source\Trials/Public/FenceSpline.h(12): error C2143: syntax error: missing ';' before ':'
  K:\Mastered\Trialed\Trials\Source\Trials/Public/FenceSpline.h(12): error C2059: syntax error: ':'
  K:\Mastered\Trialed\Trials\Source\Trials/Public/FenceSpline.h(12): error C2059: syntax error: 'public'
  K:\Mastered\Trialed\Trials\Source\Trials/Public/FenceSpline.h(13): error C2143: syntax error: missing ';' before '{'
  K:\Mastered\Trialed\Trials\Source\Trials/Public/FenceSpline.h(13): error C2447: '{': missing function header (old-style formal list?)
  K:\Mastered\Trialed\Trials\Intermediate\Build\Win64\UE4Editor\Inc\Trials\FenceSpline.gen.cpp(24): error C2027: use of undefined type 'AFenceSpline'
  K:\Mastered\Trialed\Trials\Intermediate\Build\Win64\UE4Editor\Inc\Trials\FenceSpline.generated.h(92): note: see declaration of 'AFenceSpline'
  K:\Mastered\Trialed\Trials\Intermediate\Build\Win64\UE4Editor\Inc\Trials\FenceSpline.gen.cpp(29): error C2027: use of undefined type 'AFenceSpline'
  K:\Mastered\Trialed\Trials\Intermediate\Build\Win64\UE4Editor\Inc\Trials\FenceSpline.generated.h(92): note: see declaration of 'AFenceSpline'
  K:\Mastered\Trialed\Trials\Intermediate\Build\Win64\UE4Editor\Inc\Trials\FenceSpline.gen.cpp(29): error C2672: 'StaticClass': no matching overloaded function found
  K:\Mastered\Trialed\Trials\Intermediate\Build\Win64\UE4Editor\Inc\Trials\FenceSpline.gen.cpp(29): error C2783: 'UClass *StaticClass(void)': could not deduce template argument for 'ClassType'
  C:\Program Files\Epic Games\UE_4.27\Engine\Source\Runtime\CoreUObject\Public\UObject/ReflectedTypeAccessors.h(13): note: see declaration of 'StaticClass'
  K:\Mastered\Trialed\Trials\Intermediate\Build\Win64\UE4Editor\Inc\Trials\FenceSpline.gen.cpp(70): error C2615: 'offsetof' cannot be applied to non-class type 'int'
  K:\Mastered\Trialed\Trials\Intermediate\Build\Win64\UE4Editor\Inc\Trials\FenceSpline.gen.cpp(77): error C2615: 'offsetof' cannot be applied to non-class type 'int'
  K:\Mastered\Trialed\Trials\Intermediate\Build\Win64\UE4Editor\Inc\Trials\FenceSpline.gen.cpp(84): error C2615: 'offsetof' cannot be applied to non-class type 'int'
  K:\Mastered\Trialed\Trials\Intermediate\Build\Win64\UE4Editor\Inc\Trials\FenceSpline.gen.cpp(91): error C2923: 'TCppClassTypeTraits': 'AFenceSpline' is not a valid template type argument for parameter 'CPPCLASS'
  K:\Mastered\Trialed\Trials\Source\Trials/Public/FenceSpline.h(12): note: see declaration of 'AFenceSpline'
  K:\Mastered\Trialed\Trials\Intermediate\Build\Win64\UE4Editor\Inc\Trials\FenceSpline.gen.cpp(91): error C2955: 'TCppClassTypeTraits': use of class template requires template argument list
  C:\Program Files\Epic Games\UE_4.27\Engine\Source\Runtime\CoreUObject\Public\UObject/Class.h(2522): note: see declaration of 'TCppClassTypeTraits'
  K:\Mastered\Trialed\Trials\Intermediate\Build\Win64\UE4Editor\Inc\Trials\FenceSpline.gen.cpp(91): error C4800: Implicit conversion from 'TCppClassTypeTraits<CPPCLASS>::<unnamed-enum-IsAbstract>' to bool. Possible information loss
  K:\Mastered\Trialed\Trials\Intermediate\Build\Win64\UE4Editor\Inc\Trials\FenceSpline.gen.cpp(92): note: consider using explicit cast or comparison to 0 to avoid this warning
  C:\Program Files\Epic Games\UE_4.27\Engine\Source\Runtime\CoreUObject\Public\UObject/Class.h(2525): note: see declaration of 'TCppClassTypeTraits<CPPCLASS>::<unnamed-enum-IsAbstract>'
  K:\Mastered\Trialed\Trials\Intermediate\Build\Win64\UE4Editor\Inc\Trials\FenceSpline.gen.cpp(92): warning C4305: 'initializing': truncation from 'TCppClassTypeTraits<CPPCLASS>::<unnamed-enum-IsAbstract>' to 'bool'
  K:\Mastered\Trialed\Trials\Intermediate\Build\Win64\UE4Editor\Inc\Trials\FenceSpline.gen.cpp(94): error C2027: use of undefined type 'AFenceSpline'
  K:\Mastered\Trialed\Trials\Intermediate\Build\Win64\UE4Editor\Inc\Trials\FenceSpline.generated.h(92): note: see declaration of 'AFenceSpline'
  K:\Mastered\Trialed\Trials\Intermediate\Build\Win64\UE4Editor\Inc\Trials\FenceSpline.gen.cpp(94): error C2440: 'initializing': cannot convert from 'overloaded-function' to 'UClass *(__cdecl *)(void)'
  K:\Mastered\Trialed\Trials\Intermediate\Build\Win64\UE4Editor\Inc\Trials\FenceSpline.gen.cpp(94): note: None of the functions with this name in scope match the target type
  K:\Mastered\Trialed\Trials\Intermediate\Build\Win64\UE4Editor\Inc\Trials\FenceSpline.gen.cpp(117): error C2923: 'TClassCompiledInDefer': 'AFenceSpline' is not a valid template type argument for parameter 'TClass'
  K:\Mastered\Trialed\Trials\Source\Trials/Public/FenceSpline.h(12): note: see declaration of 'AFenceSpline'
  K:\Mastered\Trialed\Trials\Intermediate\Build\Win64\UE4Editor\Inc\Trials\FenceSpline.gen.cpp(117): error C2514: 'TClassCompiledInDefer': class template cannot be constructed
  C:\Program Files\Epic Games\UE_4.27\Engine\Source\Runtime\CoreUObject\Public\UObject/UObjectBase.h(291): note: see declaration of 'TClassCompiledInDefer'
  K:\Mastered\Trialed\Trials\Intermediate\Build\Win64\UE4Editor\Inc\Trials\FenceSpline.gen.cpp(117): error C2027: use of undefined type 'AFenceSpline'
  K:\Mastered\Trialed\Trials\Intermediate\Build\Win64\UE4Editor\Inc\Trials\FenceSpline.generated.h(92): note: see declaration of 'AFenceSpline'
  K:\Mastered\Trialed\Trials\Intermediate\Build\Win64\UE4Editor\Inc\Trials\FenceSpline.gen.cpp(117): error C3861: 'StaticPackage': identifier not found
  K:\Mastered\Trialed\Trials\Intermediate\Build\Win64\UE4Editor\Inc\Trials\FenceSpline.gen.cpp(117): error C2065: 'StaticClassFlags': undeclared identifier
  K:\Mastered\Trialed\Trials\Intermediate\Build\Win64\UE4Editor\Inc\Trials\FenceSpline.gen.cpp(117): error C2061: syntax error: identifier 'AFenceSpline'
  K:\Mastered\Trialed\Trials\Intermediate\Build\Win64\UE4Editor\Inc\Trials\FenceSpline.gen.cpp(119): error C2912: explicit specialization 'UClass *StaticClass<AFenceSpline>(void)' is not a specialization of a function template
  K:\Mastered\Trialed\Trials\Intermediate\Build\Win64\UE4Editor\Inc\Trials\FenceSpline.gen.cpp(120): error C2027: use of undefined type 'AFenceSpline'
  K:\Mastered\Trialed\Trials\Intermediate\Build\Win64\UE4Editor\Inc\Trials\FenceSpline.generated.h(92): note: see declaration of 'AFenceSpline'
  K:\Mastered\Trialed\Trials\Intermediate\Build\Win64\UE4Editor\Inc\Trials\FenceSpline.gen.cpp(120): error C2672: 'StaticClass': no matching overloaded function found
  K:\Mastered\Trialed\Trials\Intermediate\Build\Win64\UE4Editor\Inc\Trials\FenceSpline.gen.cpp(120): error C2783: 'UClass *StaticClass(void)': could not deduce template argument for 'ClassType'
  C:\Program Files\Epic Games\UE_4.27\Engine\Source\Runtime\CoreUObject\Public\UObject/ReflectedTypeAccessors.h(13): note: see declaration of 'StaticClass'
  K:\Mastered\Trialed\Trials\Intermediate\Build\Win64\UE4Editor\Inc\Trials\FenceSpline.gen.cpp(122): error C2027: use of undefined type 'AFenceSpline'
  K:\Mastered\Trialed\Trials\Intermediate\Build\Win64\UE4Editor\Inc\Trials\FenceSpline.generated.h(92): note: see declaration of 'AFenceSpline'
  K:\Mastered\Trialed\Trials\Intermediate\Build\Win64\UE4Editor\Inc\Trials\FenceSpline.gen.cpp(122): error C2664: 'FCompiledInDefer::FCompiledInDefer(UClass *(__cdecl *)(void),UClass *(__cdecl *)(void),const TCHAR *,const TCHAR *,bool,const TCHAR *,const TCHAR *,void (__cdecl *)(TMap<FName,FName,FDefaultSetAllocator,TDefaultMapHashableKeyFuncs<KeyType,ValueType,false>> &))': cannot convert argument 2 from 'UClass *(__cdecl *)(void)' to 'UClass *(__cdecl *)(void)'
          with
          [
              KeyType=FName,
              ValueType=FName
          ]
  K:\Mastered\Trialed\Trials\Intermediate\Build\Win64\UE4Editor\Inc\Trials\FenceSpline.gen.cpp(122): note: None of the functions with this name in scope match the target type
  C:\Program Files\Epic Games\UE_4.27\Engine\Source\Runtime\CoreUObject\Public\UObject/UObjectBase.h(316): note: see declaration of 'FCompiledInDefer::FCompiledInDefer'
  K:\Mastered\Trialed\Trials\Intermediate\Build\Win64\UE4Editor\Inc\Trials\FenceSpline.gen.cpp(123): error C2027: use of undefined type 'AFenceSpline'
  K:\Mastered\Trialed\Trials\Intermediate\Build\Win64\UE4Editor\Inc\Trials\FenceSpline.generated.h(92): note: see declaration of 'AFenceSpline'
  K:\Mastered\Trialed\Trials\Intermediate\Build\Win64\UE4Editor\Inc\Trials\FenceSpline.gen.cpp(123): error C4430: missing type specifier - int assumed. Note: C++ does not support default-int
  K:\Mastered\Trialed\Trials\Intermediate\Build\Win64\UE4Editor\Inc\Trials\FenceSpline.gen.cpp(123): error C2550: '{ctor}': constructor initializer lists are only allowed on constructor definitions
  K:\Mastered\Trialed\Trials\Intermediate\Build\Win64\UE4Editor\Inc\Trials\FenceSpline.gen.cpp(123): error C4508: '{ctor}': function should return a value; 'void' return type assumed
  @progress 'Compiling C++ source code...' 53%
  [9/17] Trials.cpp
  @progress 'Compiling C++ source code...' 59%
  [10/17] Zilly.gen.cpp
  K:\Mastered\Trialed\Trials\Source\Trials/Public/Zilly.h(17): error C2079: 'AZilly' uses undefined class 'TRIALED_API'
  K:\Mastered\Trialed\Trials\Source\Trials/Public/Zilly.h(17): error C2143: syntax error: missing ';' before ':'
  K:\Mastered\Trialed\Trials\Source\Trials/Public/Zilly.h(17): error C2059: syntax error: ':'
  K:\Mastered\Trialed\Trials\Source\Trials/Public/Zilly.h(17): error C2059: syntax error: 'public'
  K:\Mastered\Trialed\Trials\Source\Trials/Public/Zilly.h(18): error C2143: syntax error: missing ';' before '{'
  K:\Mastered\Trialed\Trials\Source\Trials/Public/Zilly.h(18): error C2447: '{': missing function header (old-style formal list?)
  K:\Mastered\Trialed\Trials\Intermediate\Build\Win64\UE4Editor\Inc\Trials\Zilly.gen.cpp(83): error C2027: use of undefined type 'AZilly'
  K:\Mastered\Trialed\Trials\Intermediate\Build\Win64\UE4Editor\Inc\Trials\Zilly.generated.h(121): note: see declaration of 'AZilly'
  K:\Mastered\Trialed\Trials\Intermediate\Build\Win64\UE4Editor\Inc\Trials\Zilly.gen.cpp(88): error C2065: 'ThisClass': undeclared identifier
  K:\Mastered\Trialed\Trials\Intermediate\Build\Win64\UE4Editor\Inc\Trials\Zilly.gen.cpp(88): error C2059: syntax error: ')'
  K:\Mastered\Trialed\Trials\Intermediate\Build\Win64\UE4Editor\Inc\Trials\Zilly.gen.cpp(91): error C2027: use of undefined type 'AZilly'
  K:\Mastered\Trialed\Trials\Intermediate\Build\Win64\UE4Editor\Inc\Trials\Zilly.generated.h(121): note: see declaration of 'AZilly'
  K:\Mastered\Trialed\Trials\Intermediate\Build\Win64\UE4Editor\Inc\Trials\Zilly.gen.cpp(96): error C2065: 'ThisClass': undeclared identifier
  K:\Mastered\Trialed\Trials\Intermediate\Build\Win64\UE4Editor\Inc\Trials\Zilly.gen.cpp(96): error C2059: syntax error: ')'
  K:\Mastered\Trialed\Trials\Intermediate\Build\Win64\UE4Editor\Inc\Trials\Zilly.gen.cpp(99): error C2027: use of undefined type 'AZilly'
  K:\Mastered\Trialed\Trials\Intermediate\Build\Win64\UE4Editor\Inc\Trials\Zilly.generated.h(121): note: see declaration of 'AZilly'
  K:\Mastered\Trialed\Trials\Intermediate\Build\Win64\UE4Editor\Inc\Trials\Zilly.gen.cpp(104): error C2065: 'ThisClass': undeclared identifier
  K:\Mastered\Trialed\Trials\Intermediate\Build\Win64\UE4Editor\Inc\Trials\Zilly.gen.cpp(104): error C2059: syntax error: ')'
  K:\Mastered\Trialed\Trials\Intermediate\Build\Win64\UE4Editor\Inc\Trials\Zilly.gen.cpp(107): error C2027: use of undefined type 'AZilly'
  K:\Mastered\Trialed\Trials\Intermediate\Build\Win64\UE4Editor\Inc\Trials\Zilly.generated.h(121): note: see declaration of 'AZilly'
  K:\Mastered\Trialed\Trials\Intermediate\Build\Win64\UE4Editor\Inc\Trials\Zilly.gen.cpp(112): error C2065: 'ThisClass': undeclared identifier
  K:\Mastered\Trialed\Trials\Intermediate\Build\Win64\UE4Editor\Inc\Trials\Zilly.gen.cpp(112): error C2059: syntax error: ')'
  K:\Mastered\Trialed\Trials\Intermediate\Build\Win64\UE4Editor\Inc\Trials\Zilly.gen.cpp(115): error C2027: use of undefined type 'AZilly'
  K:\Mastered\Trialed\Trials\Intermediate\Build\Win64\UE4Editor\Inc\Trials\Zilly.generated.h(121): note: see declaration of 'AZilly'
  K:\Mastered\Trialed\Trials\Intermediate\Build\Win64\UE4Editor\Inc\Trials\Zilly.gen.cpp(119): error C2065: 'ThisClass': undeclared identifier
  K:\Mastered\Trialed\Trials\Intermediate\Build\Win64\UE4Editor\Inc\Trials\Zilly.gen.cpp(119): error C2059: syntax error: ')'
  K:\Mastered\Trialed\Trials\Intermediate\Build\Win64\UE4Editor\Inc\Trials\Zilly.gen.cpp(122): error C2027: use of undefined type 'AZilly'
  K:\Mastered\Trialed\Trials\Intermediate\Build\Win64\UE4Editor\Inc\Trials\Zilly.generated.h(121): note: see declaration of 'AZilly'
  K:\Mastered\Trialed\Trials\Intermediate\Build\Win64\UE4Editor\Inc\Trials\Zilly.gen.cpp(126): error C2065: 'ThisClass': undeclared identifier
  K:\Mastered\Trialed\Trials\Intermediate\Build\Win64\UE4Editor\Inc\Trials\Zilly.gen.cpp(126): error C2059: syntax error: ')'
  K:\Mastered\Trialed\Trials\Intermediate\Build\Win64\UE4Editor\Inc\Trials\Zilly.gen.cpp(129): error C2027: use of undefined type 'AZilly'
  K:\Mastered\Trialed\Trials\Intermediate\Build\Win64\UE4Editor\Inc\Trials\Zilly.generated.h(121): note: see declaration of 'AZilly'
  K:\Mastered\Trialed\Trials\Intermediate\Build\Win64\UE4Editor\Inc\Trials\Zilly.gen.cpp(133): error C2065: 'ThisClass': undeclared identifier
  K:\Mastered\Trialed\Trials\Intermediate\Build\Win64\UE4Editor\Inc\Trials\Zilly.gen.cpp(133): error C2059: syntax error: ')'
  K:\Mastered\Trialed\Trials\Intermediate\Build\Win64\UE4Editor\Inc\Trials\Zilly.gen.cpp(136): error C2027: use of undefined type 'AZilly'
  K:\Mastered\Trialed\Trials\Intermediate\Build\Win64\UE4Editor\Inc\Trials\Zilly.generated.h(121): note: see declaration of 'AZilly'
  K:\Mastered\Trialed\Trials\Intermediate\Build\Win64\UE4Editor\Inc\Trials\Zilly.gen.cpp(140): error C2065: 'ThisClass': undeclared identifier
  K:\Mastered\Trialed\Trials\Intermediate\Build\Win64\UE4Editor\Inc\Trials\Zilly.gen.cpp(140): error C2059: syntax error: ')'
  K:\Mastered\Trialed\Trials\Intermediate\Build\Win64\UE4Editor\Inc\Trials\Zilly.gen.cpp(143): error C2027: use of undefined type 'AZilly'
  K:\Mastered\Trialed\Trials\Intermediate\Build\Win64\UE4Editor\Inc\Trials\Zilly.generated.h(121): note: see declaration of 'AZilly'
  K:\Mastered\Trialed\Trials\Intermediate\Build\Win64\UE4Editor\Inc\Trials\Zilly.gen.cpp(152): error C2065: 'ThisClass': undeclared identifier
  K:\Mastered\Trialed\Trials\Intermediate\Build\Win64\UE4Editor\Inc\Trials\Zilly.gen.cpp(152): error C2059: syntax error: ')'
  K:\Mastered\Trialed\Trials\Intermediate\Build\Win64\UE4Editor\Inc\Trials\Zilly.gen.cpp(155): error C2027: use of undefined type 'AZilly'
  K:\Mastered\Trialed\Trials\Intermediate\Build\Win64\UE4Editor\Inc\Trials\Zilly.generated.h(121): note: see declaration of 'AZilly'
  K:\Mastered\Trialed\Trials\Intermediate\Build\Win64\UE4Editor\Inc\Trials\Zilly.gen.cpp(159): error C2065: 'ThisClass': undeclared identifier
  K:\Mastered\Trialed\Trials\Intermediate\Build\Win64\UE4Editor\Inc\Trials\Zilly.gen.cpp(159): error C2059: syntax error: ')'
  K:\Mastered\Trialed\Trials\Intermediate\Build\Win64\UE4Editor\Inc\Trials\Zilly.gen.cpp(162): error C2027: use of undefined type 'AZilly'
  K:\Mastered\Trialed\Trials\Intermediate\Build\Win64\UE4Editor\Inc\Trials\Zilly.generated.h(121): note: see declaration of 'AZilly'
  K:\Mastered\Trialed\Trials\Intermediate\Build\Win64\UE4Editor\Inc\Trials\Zilly.gen.cpp(166): error C2065: 'ThisClass': undeclared identifier
  K:\Mastered\Trialed\Trials\Intermediate\Build\Win64\UE4Editor\Inc\Trials\Zilly.gen.cpp(166): error C2059: syntax error: ')'
  K:\Mastered\Trialed\Trials\Intermediate\Build\Win64\UE4Editor\Inc\Trials\Zilly.gen.cpp(169): error C2027: use of undefined type 'AZilly'
  K:\Mastered\Trialed\Trials\Intermediate\Build\Win64\UE4Editor\Inc\Trials\Zilly.generated.h(121): note: see declaration of 'AZilly'
  K:\Mastered\Trialed\Trials\Intermediate\Build\Win64\UE4Editor\Inc\Trials\Zilly.gen.cpp(173): error C2065: 'ThisClass': undeclared identifier
  K:\Mastered\Trialed\Trials\Intermediate\Build\Win64\UE4Editor\Inc\Trials\Zilly.gen.cpp(173): error C2059: syntax error: ')'
  K:\Mastered\Trialed\Trials\Intermediate\Build\Win64\UE4Editor\Inc\Trials\Zilly.gen.cpp(176): error C2027: use of undefined type 'AZilly'
  K:\Mastered\Trialed\Trials\Intermediate\Build\Win64\UE4Editor\Inc\Trials\Zilly.generated.h(121): note: see declaration of 'AZilly'
  K:\Mastered\Trialed\Trials\Intermediate\Build\Win64\UE4Editor\Inc\Trials\Zilly.gen.cpp(178): error C2027: use of undefined type 'AZilly'
  K:\Mastered\Trialed\Trials\Intermediate\Build\Win64\UE4Editor\Inc\Trials\Zilly.generated.h(121): note: see declaration of 'AZilly'
  K:\Mastered\Trialed\Trials\Intermediate\Build\Win64\UE4Editor\Inc\Trials\Zilly.gen.cpp(178): error C2672: 'StaticClass': no matching overloaded function found
  K:\Mastered\Trialed\Trials\Intermediate\Build\Win64\UE4Editor\Inc\Trials\Zilly.gen.cpp(178): error C2783: 'UClass *StaticClass(void)': could not deduce template argument for 'ClassType'
  C:\Program Files\Epic Games\UE_4.27\Engine\Source\Runtime\CoreUObject\Public\UObject/ReflectedTypeAccessors.h(13): note: see declaration of 'StaticClass'
  K:\Mastered\Trialed\Trials\Intermediate\Build\Win64\UE4Editor\Inc\Trials\Zilly.gen.cpp(180): error C2027: use of undefined type 'AZilly'
  K:\Mastered\Trialed\Trials\Intermediate\Build\Win64\UE4Editor\Inc\Trials\Zilly.generated.h(121): note: see declaration of 'AZilly'
  K:\Mastered\Trialed\Trials\Intermediate\Build\Win64\UE4Editor\Inc\Trials\Zilly.gen.cpp(181): error C2027: use of undefined type 'AZilly'
  K:\Mastered\Trialed\Trials\Intermediate\Build\Win64\UE4Editor\Inc\Trials\Zilly.generated.h(121): note: see declaration of 'AZilly'
  K:\Mastered\Trialed\Trials\Intermediate\Build\Win64\UE4Editor\Inc\Trials\Zilly.gen.cpp(182): error C2027: use of undefined type 'AZilly'
  K:\Mastered\Trialed\Trials\Intermediate\Build\Win64\UE4Editor\Inc\Trials\Zilly.generated.h(121): note: see declaration of 'AZilly'
  K:\Mastered\Trialed\Trials\Intermediate\Build\Win64\UE4Editor\Inc\Trials\Zilly.gen.cpp(183): error C2027: use of undefined type 'AZilly'
  K:\Mastered\Trialed\Trials\Intermediate\Build\Win64\UE4Editor\Inc\Trials\Zilly.generated.h(121): note: see declaration of 'AZilly'
  K:\Mastered\Trialed\Trials\Intermediate\Build\Win64\UE4Editor\Inc\Trials\Zilly.gen.cpp(184): error C2027: use of undefined type 'AZilly'
  K:\Mastered\Trialed\Trials\Intermediate\Build\Win64\UE4Editor\Inc\Trials\Zilly.generated.h(121): note: see declaration of 'AZilly'
  K:\Mastered\Trialed\Trials\Intermediate\Build\Win64\UE4Editor\Inc\Trials\Zilly.gen.cpp(185): error C2027: use of undefined type 'AZilly'
  K:\Mastered\Trialed\Trials\Intermediate\Build\Win64\UE4Editor\Inc\Trials\Zilly.generated.h(121): note: see declaration of 'AZilly'
  K:\Mastered\Trialed\Trials\Intermediate\Build\Win64\UE4Editor\Inc\Trials\Zilly.gen.cpp(186): error C2027: use of undefined type 'AZilly'
  K:\Mastered\Trialed\Trials\Intermediate\Build\Win64\UE4Editor\Inc\Trials\Zilly.generated.h(121): note: see declaration of 'AZilly'
  K:\Mastered\Trialed\Trials\Intermediate\Build\Win64\UE4Editor\Inc\Trials\Zilly.gen.cpp(187): error C2027: use of undefined type 'AZilly'
  K:\Mastered\Trialed\Trials\Intermediate\Build\Win64\UE4Editor\Inc\Trials\Zilly.generated.h(121): note: see declaration of 'AZilly'
  K:\Mastered\Trialed\Trials\Intermediate\Build\Win64\UE4Editor\Inc\Trials\Zilly.gen.cpp(188): error C2027: use of undefined type 'AZilly'
  K:\Mastered\Trialed\Trials\Intermediate\Build\Win64\UE4Editor\Inc\Trials\Zilly.generated.h(121): note: see declaration of 'AZilly'
  K:\Mastered\Trialed\Trials\Intermediate\Build\Win64\UE4Editor\Inc\Trials\Zilly.gen.cpp(189): error C2027: use of undefined type 'AZilly'
  K:\Mastered\Trialed\Trials\Intermediate\Build\Win64\UE4Editor\Inc\Trials\Zilly.generated.h(121): note: see declaration of 'AZilly'
  K:\Mastered\Trialed\Trials\Intermediate\Build\Win64\UE4Editor\Inc\Trials\Zilly.gen.cpp(190): error C2027: use of undefined type 'AZilly'
  K:\Mastered\Trialed\Trials\Intermediate\Build\Win64\UE4Editor\Inc\Trials\Zilly.generated.h(121): note: see declaration of 'AZilly'
  K:\Mastered\Trialed\Trials\Intermediate\Build\Win64\UE4Editor\Inc\Trials\Zilly.gen.cpp(191): error C2027: use of undefined type 'AZilly'
  K:\Mastered\Trialed\Trials\Intermediate\Build\Win64\UE4Editor\Inc\Trials\Zilly.generated.h(121): note: see declaration of 'AZilly'
  K:\Mastered\Trialed\Trials\Intermediate\Build\Win64\UE4Editor\Inc\Trials\Zilly.gen.cpp(551): error C2027: use of undefined type 'AZilly'
  K:\Mastered\Trialed\Trials\Intermediate\Build\Win64\UE4Editor\Inc\Trials\Zilly.generated.h(121): note: see declaration of 'AZilly'
  K:\Mastered\Trialed\Trials\Intermediate\Build\Win64\UE4Editor\Inc\Trials\Zilly.gen.cpp(551): error C2672: 'StaticClass': no matching overloaded function found
  K:\Mastered\Trialed\Trials\Intermediate\Build\Win64\UE4Editor\Inc\Trials\Zilly.gen.cpp(551): error C2783: 'UClass *StaticClass(void)': could not deduce template argument for 'ClassType'
  C:\Program Files\Epic Games\UE_4.27\Engine\Source\Runtime\CoreUObject\Public\UObject/ReflectedTypeAccessors.h(13): note: see declaration of 'StaticClass'
  K:\Mastered\Trialed\Trials\Intermediate\Build\Win64\UE4Editor\Inc\Trials\Zilly.gen.cpp(629): error C2615: 'offsetof' cannot be applied to non-class type 'int'
  K:\Mastered\Trialed\Trials\Intermediate\Build\Win64\UE4Editor\Inc\Trials\Zilly.gen.cpp(638): error C2615: 'offsetof' cannot be applied to non-class type 'int'
  K:\Mastered\Trialed\Trials\Intermediate\Build\Win64\UE4Editor\Inc\Trials\Zilly.gen.cpp(646): error C2615: 'offsetof' cannot be applied to non-class type 'int'
  K:\Mastered\Trialed\Trials\Intermediate\Build\Win64\UE4Editor\Inc\Trials\Zilly.gen.cpp(655): error C2615: 'offsetof' cannot be applied to non-class type 'int'
  K:\Mastered\Trialed\Trials\Intermediate\Build\Win64\UE4Editor\Inc\Trials\Zilly.gen.cpp(664): error C2615: 'offsetof' cannot be applied to non-class type 'int'
  K:\Mastered\Trialed\Trials\Intermediate\Build\Win64\UE4Editor\Inc\Trials\Zilly.gen.cpp(673): error C2615: 'offsetof' cannot be applied to non-class type 'int'
  K:\Mastered\Trialed\Trials\Intermediate\Build\Win64\UE4Editor\Inc\Trials\Zilly.gen.cpp(680): error C2615: 'offsetof' cannot be applied to non-class type 'int'
  K:\Mastered\Trialed\Trials\Intermediate\Build\Win64\UE4Editor\Inc\Trials\Zilly.gen.cpp(687): error C2615: 'offsetof' cannot be applied to non-class type 'int'
  K:\Mastered\Trialed\Trials\Intermediate\Build\Win64\UE4Editor\Inc\Trials\Zilly.gen.cpp(699): error C2923: 'TCppClassTypeTraits': 'AZilly' is not a valid template type argument for parameter 'CPPCLASS'
  K:\Mastered\Trialed\Trials\Source\Trials/Public/Zilly.h(17): note: see declaration of 'AZilly'
  K:\Mastered\Trialed\Trials\Intermediate\Build\Win64\UE4Editor\Inc\Trials\Zilly.gen.cpp(699): error C2955: 'TCppClassTypeTraits': use of class template requires template argument list
  C:\Program Files\Epic Games\UE_4.27\Engine\Source\Runtime\CoreUObject\Public\UObject/Class.h(2522): note: see declaration of 'TCppClassTypeTraits'
  K:\Mastered\Trialed\Trials\Intermediate\Build\Win64\UE4Editor\Inc\Trials\Zilly.gen.cpp(699): error C4800: Implicit conversion from 'TCppClassTypeTraits<CPPCLASS>::<unnamed-enum-IsAbstract>' to bool. Possible information loss
  K:\Mastered\Trialed\Trials\Intermediate\Build\Win64\UE4Editor\Inc\Trials\Zilly.gen.cpp(700): note: consider using explicit cast or comparison to 0 to avoid this warning
  C:\Program Files\Epic Games\UE_4.27\Engine\Source\Runtime\CoreUObject\Public\UObject/Class.h(2525): note: see declaration of 'TCppClassTypeTraits<CPPCLASS>::<unnamed-enum-IsAbstract>'
  K:\Mastered\Trialed\Trials\Intermediate\Build\Win64\UE4Editor\Inc\Trials\Zilly.gen.cpp(700): warning C4305: 'initializing': truncation from 'TCppClassTypeTraits<CPPCLASS>::<unnamed-enum-IsAbstract>' to 'bool'
  K:\Mastered\Trialed\Trials\Intermediate\Build\Win64\UE4Editor\Inc\Trials\Zilly.gen.cpp(702): error C2027: use of undefined type 'AZilly'
  K:\Mastered\Trialed\Trials\Intermediate\Build\Win64\UE4Editor\Inc\Trials\Zilly.generated.h(121): note: see declaration of 'AZilly'
  K:\Mastered\Trialed\Trials\Intermediate\Build\Win64\UE4Editor\Inc\Trials\Zilly.gen.cpp(702): error C2440: 'initializing': cannot convert from 'overloaded-function' to 'UClass *(__cdecl *)(void)'
  K:\Mastered\Trialed\Trials\Intermediate\Build\Win64\UE4Editor\Inc\Trials\Zilly.gen.cpp(702): note: None of the functions with this name in scope match the target type
  K:\Mastered\Trialed\Trials\Intermediate\Build\Win64\UE4Editor\Inc\Trials\Zilly.gen.cpp(725): error C2923: 'TClassCompiledInDefer': 'AZilly' is not a valid template type argument for parameter 'TClass'
  K:\Mastered\Trialed\Trials\Source\Trials/Public/Zilly.h(17): note: see declaration of 'AZilly'
  K:\Mastered\Trialed\Trials\Intermediate\Build\Win64\UE4Editor\Inc\Trials\Zilly.gen.cpp(725): error C2514: 'TClassCompiledInDefer': class template cannot be constructed
  C:\Program Files\Epic Games\UE_4.27\Engine\Source\Runtime\CoreUObject\Public\UObject/UObjectBase.h(291): note: see declaration of 'TClassCompiledInDefer'
  K:\Mastered\Trialed\Trials\Intermediate\Build\Win64\UE4Editor\Inc\Trials\Zilly.gen.cpp(725): error C2027: use of undefined type 'AZilly'
  K:\Mastered\Trialed\Trials\Intermediate\Build\Win64\UE4Editor\Inc\Trials\Zilly.generated.h(121): note: see declaration of 'AZilly'
  K:\Mastered\Trialed\Trials\Intermediate\Build\Win64\UE4Editor\Inc\Trials\Zilly.gen.cpp(725): error C3861: 'StaticPackage': identifier not found
  K:\Mastered\Trialed\Trials\Intermediate\Build\Win64\UE4Editor\Inc\Trials\Zilly.gen.cpp(725): error C2065: 'StaticClassFlags': undeclared identifier
  K:\Mastered\Trialed\Trials\Intermediate\Build\Win64\UE4Editor\Inc\Trials\Zilly.gen.cpp(725): error C2061: syntax error: identifier 'AZilly'
  K:\Mastered\Trialed\Trials\Intermediate\Build\Win64\UE4Editor\Inc\Trials\Zilly.gen.cpp(727): error C2912: explicit specialization 'UClass *StaticClass<AZilly>(void)' is not a specialization of a function template
  K:\Mastered\Trialed\Trials\Intermediate\Build\Win64\UE4Editor\Inc\Trials\Zilly.gen.cpp(728): error C2027: use of undefined type 'AZilly'
  K:\Mastered\Trialed\Trials\Intermediate\Build\Win64\UE4Editor\Inc\Trials\Zilly.generated.h(121): note: see declaration of 'AZilly'
  K:\Mastered\Trialed\Trials\Intermediate\Build\Win64\UE4Editor\Inc\Trials\Zilly.gen.cpp(728): error C2672: 'StaticClass': no matching overloaded function found
  K:\Mastered\Trialed\Trials\Intermediate\Build\Win64\UE4Editor\Inc\Trials\Zilly.gen.cpp(728): error C2783: 'UClass *StaticClass(void)': could not deduce template argument for 'ClassType'
  C:\Program Files\Epic Games\UE_4.27\Engine\Source\Runtime\CoreUObject\Public\UObject/ReflectedTypeAccessors.h(13): note: see declaration of 'StaticClass'
  K:\Mastered\Trialed\Trials\Intermediate\Build\Win64\UE4Editor\Inc\Trials\Zilly.gen.cpp(730): error C2027: use of undefined type 'AZilly'
  K:\Mastered\Trialed\Trials\Intermediate\Build\Win64\UE4Editor\Inc\Trials\Zilly.generated.h(121): note: see declaration of 'AZilly'
  K:\Mastered\Trialed\Trials\Intermediate\Build\Win64\UE4Editor\Inc\Trials\Zilly.gen.cpp(730): error C2664: 'FCompiledInDefer::FCompiledInDefer(UClass *(__cdecl *)(void),UClass *(__cdecl *)(void),const TCHAR *,const TCHAR *,bool,const TCHAR *,const TCHAR *,void (__cdecl *)(TMap<FName,FName,FDefaultSetAllocator,TDefaultMapHashableKeyFuncs<KeyType,ValueType,false>> &))': cannot convert argument 2 from 'UClass *(__cdecl *)(void)' to 'UClass *(__cdecl *)(void)'
          with
          [
              KeyType=FName,
              ValueType=FName
          ]
  K:\Mastered\Trialed\Trials\Intermediate\Build\Win64\UE4Editor\Inc\Trials\Zilly.gen.cpp(730): note: None of the functions with this name in scope match the target type
  C:\Program Files\Epic Games\UE_4.27\Engine\Source\Runtime\CoreUObject\Public\UObject/UObjectBase.h(316): note: see declaration of 'FCompiledInDefer::FCompiledInDefer'
  K:\Mastered\Trialed\Trials\Intermediate\Build\Win64\UE4Editor\Inc\Trials\Zilly.gen.cpp(731): error C2027: use of undefined type 'AZilly'
  K:\Mastered\Trialed\Trials\Intermediate\Build\Win64\UE4Editor\Inc\Trials\Zilly.generated.h(121): note: see declaration of 'AZilly'
  K:\Mastered\Trialed\Trials\Intermediate\Build\Win64\UE4Editor\Inc\Trials\Zilly.gen.cpp(731): error C4430: missing type specifier - int assumed. Note: C++ does not support default-int
  K:\Mastered\Trialed\Trials\Intermediate\Build\Win64\UE4Editor\Inc\Trials\Zilly.gen.cpp(731): error C2550: '{ctor}': constructor initializer lists are only allowed on constructor definitions
  K:\Mastered\Trialed\Trials\Intermediate\Build\Win64\UE4Editor\Inc\Trials\Zilly.gen.cpp(731): error C4508: '{ctor}': function should return a value; 'void' return type assumed
  @progress 'Compiling C++ source code...' 65%
  [11/17] TrialsGameModeBase.cpp
  @progress 'Compiling C++ source code...' 71%
  [12/17] Trials.init.gen.cpp
  @progress 'Compiling C++ source code...' 76%
  [13/17] Zilly.cpp
  K:\Mastered\Trialed\Trials\Source\Trials\Public\Zilly.h(17): error C2079: 'AZilly' uses undefined class 'TRIALED_API'
  K:\Mastered\Trialed\Trials\Source\Trials\Public\Zilly.h(17): error C2143: syntax error: missing ';' before ':'
  K:\Mastered\Trialed\Trials\Source\Trials\Public\Zilly.h(17): error C2059: syntax error: ':'
  K:\Mastered\Trialed\Trials\Source\Trials\Public\Zilly.h(17): error C2059: syntax error: 'public'
  K:\Mastered\Trialed\Trials\Source\Trials\Public\Zilly.h(18): error C2143: syntax error: missing ';' before '{'
  K:\Mastered\Trialed\Trials\Source\Trials\Public\Zilly.h(18): error C2447: '{': missing function header (old-style formal list?)
  K:\Mastered\Trialed\Trials\Source\Trials\Private\Zilly.cpp(15): error C2027: use of undefined type 'AZilly'
  K:\Mastered\Trialed\Trials\Intermediate\Build\Win64\UE4Editor\Inc\Trials\Zilly.generated.h(121): note: see declaration of 'AZilly'
  K:\Mastered\Trialed\Trials\Source\Trials\Private\Zilly.cpp(16): error C4430: missing type specifier - int assumed. Note: C++ does not support default-int
  K:\Mastered\Trialed\Trials\Source\Trials\Private\Zilly.cpp(18): error C2065: 'PrimaryActorTick': undeclared identifier
  K:\Mastered\Trialed\Trials\Source\Trials\Private\Zilly.cpp(22): error C2065: 'BaseTurnRate': undeclared identifier
  K:\Mastered\Trialed\Trials\Source\Trials\Private\Zilly.cpp(23): error C2065: 'BaseLookUpRate': undeclared identifier
  K:\Mastered\Trialed\Trials\Source\Trials\Private\Zilly.cpp(26): error C2065: 'CameraBoom': undeclared identifier
  K:\Mastered\Trialed\Trials\Source\Trials\Private\Zilly.cpp(26): error C2065: 'CreateDefaultSubobject': undeclared identifier
  K:\Mastered\Trialed\Trials\Source\Trials\Private\Zilly.cpp(26): error C2275: 'USpringArmComponent': expected an expression instead of a type
  K:\Mastered\Trialed\Trials\Source\Trials\Private\Zilly.cpp(27): error C2065: 'CameraBoom': undeclared identifier
  K:\Mastered\Trialed\Trials\Source\Trials\Private\Zilly.cpp(27): error C2065: 'RootComponent': undeclared identifier
  K:\Mastered\Trialed\Trials\Source\Trials\Private\Zilly.cpp(29): error C2065: 'FollowCamera': undeclared identifier
  K:\Mastered\Trialed\Trials\Source\Trials\Private\Zilly.cpp(29): error C2065: 'CreateDefaultSubobject': undeclared identifier
  K:\Mastered\Trialed\Trials\Source\Trials\Private\Zilly.cpp(29): error C2275: 'UCameraComponent': expected an expression instead of a type
  K:\Mastered\Trialed\Trials\Source\Trials\Private\Zilly.cpp(30): error C2065: 'FollowCamera': undeclared identifier
  K:\Mastered\Trialed\Trials\Source\Trials\Private\Zilly.cpp(30): error C2065: 'CameraBoom': undeclared identifier
  K:\Mastered\Trialed\Trials\Source\Trials\Private\Zilly.cpp(32): error C2065: 'InteractionZone': undeclared identifier
  K:\Mastered\Trialed\Trials\Source\Trials\Private\Zilly.cpp(32): error C2065: 'CreateDefaultSubobject': undeclared identifier
  K:\Mastered\Trialed\Trials\Source\Trials\Private\Zilly.cpp(32): error C2275: 'UBoxComponent': expected an expression instead of a type
  K:\Mastered\Trialed\Trials\Source\Trials\Private\Zilly.cpp(33): error C2065: 'InteractionZone': undeclared identifier
  K:\Mastered\Trialed\Trials\Source\Trials\Private\Zilly.cpp(33): error C2065: 'RootComponent': undeclared identifier
  K:\Mastered\Trialed\Trials\Source\Trials\Private\Zilly.cpp(38): error C2065: 'MeleeFistAttackMontage': undeclared identifier
  K:\Mastered\Trialed\Trials\Source\Trials\Private\Zilly.cpp(40): error C2065: 'LeftFistCollider': undeclared identifier
  K:\Mastered\Trialed\Trials\Source\Trials\Private\Zilly.cpp(40): error C2065: 'CreateDefaultSubobject': undeclared identifier
  K:\Mastered\Trialed\Trials\Source\Trials\Private\Zilly.cpp(40): error C2275: 'UBoxComponent': expected an expression instead of a type
  K:\Mastered\Trialed\Trials\Source\Trials\Private\Zilly.cpp(41): error C2065: 'LeftFistCollider': undeclared identifier
  K:\Mastered\Trialed\Trials\Source\Trials\Private\Zilly.cpp(41): error C2065: 'RootComponent': undeclared identifier
  K:\Mastered\Trialed\Trials\Source\Trials\Private\Zilly.cpp(42): error C2065: 'RightFistCollider': undeclared identifier
  K:\Mastered\Trialed\Trials\Source\Trials\Private\Zilly.cpp(42): error C2065: 'CreateDefaultSubobject': undeclared identifier
  K:\Mastered\Trialed\Trials\Source\Trials\Private\Zilly.cpp(42): error C2275: 'UBoxComponent': expected an expression instead of a type
  K:\Mastered\Trialed\Trials\Source\Trials\Private\Zilly.cpp(43): error C2065: 'RightFistCollider': undeclared identifier
  K:\Mastered\Trialed\Trials\Source\Trials\Private\Zilly.cpp(43): error C2065: 'RootComponent': undeclared identifier
  K:\Mastered\Trialed\Trials\Source\Trials\Private\Zilly.cpp(44): error C2065: 'LeftFistCollider': undeclared identifier
  K:\Mastered\Trialed\Trials\Source\Trials\Private\Zilly.cpp(45): error C2065: 'RightFistCollider': undeclared identifier
  K:\Mastered\Trialed\Trials\Source\Trials\Private\Zilly.cpp(46): error C2065: 'LeftFistCollider': undeclared identifier
  K:\Mastered\Trialed\Trials\Source\Trials\Private\Zilly.cpp(47): error C2065: 'RightFistCollider': undeclared identifier
  K:\Mastered\Trialed\Trials\Source\Trials\Private\Zilly.cpp(48): error C2065: 'LeftFistCollider': undeclared identifier
  K:\Mastered\Trialed\Trials\Source\Trials\Private\Zilly.cpp(49): error C2065: 'RightFistCollider': undeclared identifier
  K:\Mastered\Trialed\Trials\Source\Trials\Private\Zilly.cpp(50): error C4508: '{ctor}': function should return a value; 'void' return type assumed
  K:\Mastered\Trialed\Trials\Source\Trials\Private\Zilly.cpp(53): error C2027: use of undefined type 'AZilly'
  K:\Mastered\Trialed\Trials\Intermediate\Build\Win64\UE4Editor\Inc\Trials\Zilly.generated.h(121): note: see declaration of 'AZilly'
  K:\Mastered\Trialed\Trials\Source\Trials\Private\Zilly.cpp(55): error C2653: 'Super': is not a class or namespace name
  K:\Mastered\Trialed\Trials\Source\Trials\Private\Zilly.cpp(59): error C2065: 'LeftFistCollider': undeclared identifier
  K:\Mastered\Trialed\Trials\Source\Trials\Private\Zilly.cpp(59): error C3861: 'GetMesh': identifier not found
  K:\Mastered\Trialed\Trials\Source\Trials\Private\Zilly.cpp(60): error C2065: 'RightFistCollider': undeclared identifier
  K:\Mastered\Trialed\Trials\Source\Trials\Private\Zilly.cpp(60): error C3861: 'GetMesh': identifier not found
  K:\Mastered\Trialed\Trials\Source\Trials\Private\Zilly.cpp(63): error C2065: 'LeftFistCollider': undeclared identifier
  K:\Mastered\Trialed\Trials\Source\Trials\Private\Zilly.cpp(63): error C2355: 'this': can only be referenced inside non-static member functions or non-static data member initializers
  K:\Mastered\Trialed\Trials\Source\Trials\Private\Zilly.cpp(63): error C2027: use of undefined type 'AZilly'
  K:\Mastered\Trialed\Trials\Intermediate\Build\Win64\UE4Editor\Inc\Trials\Zilly.generated.h(121): note: see declaration of 'AZilly'
  K:\Mastered\Trialed\Trials\Source\Trials\Private\Zilly.cpp(63): error C2065: 'OnAttackHit': undeclared identifier
  K:\Mastered\Trialed\Trials\Source\Trials\Private\Zilly.cpp(64): error C2065: 'RightFistCollider': undeclared identifier
  K:\Mastered\Trialed\Trials\Source\Trials\Private\Zilly.cpp(64): error C2355: 'this': can only be referenced inside non-static member functions or non-static data member initializers
  K:\Mastered\Trialed\Trials\Source\Trials\Private\Zilly.cpp(64): error C2027: use of undefined type 'AZilly'
  K:\Mastered\Trialed\Trials\Intermediate\Build\Win64\UE4Editor\Inc\Trials\Zilly.generated.h(121): note: see declaration of 'AZilly'
  K:\Mastered\Trialed\Trials\Source\Trials\Private\Zilly.cpp(64): error C2065: 'OnAttackHit': undeclared identifier
  K:\Mastered\Trialed\Trials\Source\Trials\Private\Zilly.cpp(68): error C2027: use of undefined type 'AZilly'
  K:\Mastered\Trialed\Trials\Intermediate\Build\Win64\UE4Editor\Inc\Trials\Zilly.generated.h(121): note: see declaration of 'AZilly'
  K:\Mastered\Trialed\Trials\Source\Trials\Private\Zilly.cpp(70): error C2065: 'LeftFistCollider': undeclared identifier
  K:\Mastered\Trialed\Trials\Source\Trials\Private\Zilly.cpp(71): error C2065: 'RightFistCollider': undeclared identifier
  K:\Mastered\Trialed\Trials\Source\Trials\Private\Zilly.cpp(72): error C2065: 'LeftFistCollider': undeclared identifier
  K:\Mastered\Trialed\Trials\Source\Trials\Private\Zilly.cpp(73): error C2065: 'RightFistCollider': undeclared identifier
  K:\Mastered\Trialed\Trials\Source\Trials\Private\Zilly.cpp(76): error C2027: use of undefined type 'AZilly'
  K:\Mastered\Trialed\Trials\Intermediate\Build\Win64\UE4Editor\Inc\Trials\Zilly.generated.h(121): note: see declaration of 'AZilly'
  K:\Mastered\Trialed\Trials\Source\Trials\Private\Zilly.cpp(78): error C2065: 'LeftFistCollider': undeclared identifier
  K:\Mastered\Trialed\Trials\Source\Trials\Private\Zilly.cpp(79): error C2065: 'RightFistCollider': undeclared identifier
  K:\Mastered\Trialed\Trials\Source\Trials\Private\Zilly.cpp(80): error C2065: 'LeftFistCollider': undeclared identifier
  K:\Mastered\Trialed\Trials\Source\Trials\Private\Zilly.cpp(81): error C2065: 'RightFistCollider': undeclared identifier
  K:\Mastered\Trialed\Trials\Source\Trials\Private\Zilly.cpp(84): error C2027: use of undefined type 'AZilly'
  K:\Mastered\Trialed\Trials\Intermediate\Build\Win64\UE4Editor\Inc\Trials\Zilly.generated.h(121): note: see declaration of 'AZilly'
  K:\Mastered\Trialed\Trials\Source\Trials\Private\Zilly.cpp(88): error C2065: 'MeleeFistAttackMontage': undeclared identifier
  K:\Mastered\Trialed\Trials\Source\Trials\Private\Zilly.cpp(88): error C3861: 'PlayAnimMontage': identifier not found
  K:\Mastered\Trialed\Trials\Source\Trials\Private\Zilly.cpp(91): error C2027: use of undefined type 'AZilly'
  K:\Mastered\Trialed\Trials\Intermediate\Build\Win64\UE4Editor\Inc\Trials\Zilly.generated.h(121): note: see declaration of 'AZilly'
  K:\Mastered\Trialed\Trials\Source\Trials\Private\Zilly.cpp(97): error C2027: use of undefined type 'AZilly'
  K:\Mastered\Trialed\Trials\Intermediate\Build\Win64\UE4Editor\Inc\Trials\Zilly.generated.h(121): note: see declaration of 'AZilly'
  K:\Mastered\Trialed\Trials\Source\Trials\Private\Zilly.cpp(99): error C2065: 'Controller': undeclared identifier
  K:\Mastered\Trialed\Trials\Source\Trials\Private\Zilly.cpp(101): error C2065: 'Controller': undeclared identifier
  K:\Mastered\Trialed\Trials\Source\Trials\Private\Zilly.cpp(101): error C2512: 'FRotationMatrix': no appropriate default constructor available
  K:\Mastered\Trialed\Trials\Source\Trials\Private\Zilly.cpp(101): note: No constructor could take the source type, or constructor overload resolution was ambiguous
  K:\Mastered\Trialed\Trials\Source\Trials\Private\Zilly.cpp(102): error C3861: 'AddMovementInput': identifier not found
  K:\Mastered\Trialed\Trials\Source\Trials\Private\Zilly.cpp(105): error C2027: use of undefined type 'AZilly'
  K:\Mastered\Trialed\Trials\Intermediate\Build\Win64\UE4Editor\Inc\Trials\Zilly.generated.h(121): note: see declaration of 'AZilly'
  K:\Mastered\Trialed\Trials\Source\Trials\Private\Zilly.cpp(107): error C2355: 'this': can only be referenced inside non-static member functions or non-static data member initializers
  K:\Mastered\Trialed\Trials\Source\Trials\Private\Zilly.cpp(110): error C2027: use of undefined type 'AZilly'
  K:\Mastered\Trialed\Trials\Intermediate\Build\Win64\UE4Editor\Inc\Trials\Zilly.generated.h(121): note: see declaration of 'AZilly'
  K:\Mastered\Trialed\Trials\Source\Trials\Private\Zilly.cpp(112): error C2355: 'this': can only be referenced inside non-static member functions or non-static data member initializers
  K:\Mastered\Trialed\Trials\Source\Trials\Private\Zilly.cpp(115): error C2027: use of undefined type 'AZilly'
  K:\Mastered\Trialed\Trials\Intermediate\Build\Win64\UE4Editor\Inc\Trials\Zilly.generated.h(121): note: see declaration of 'AZilly'
  K:\Mastered\Trialed\Trials\Source\Trials\Private\Zilly.cpp(117): error C3861: 'Crouch': identifier not found
  K:\Mastered\Trialed\Trials\Source\Trials\Private\Zilly.cpp(120): error C2027: use of undefined type 'AZilly'
  K:\Mastered\Trialed\Trials\Intermediate\Build\Win64\UE4Editor\Inc\Trials\Zilly.generated.h(121): note: see declaration of 'AZilly'
  K:\Mastered\Trialed\Trials\Source\Trials\Private\Zilly.cpp(122): error C3861: 'UnCrouch': identifier not found
  K:\Mastered\Trialed\Trials\Source\Trials\Private\Zilly.cpp(125): error C2027: use of undefined type 'AZilly'
  K:\Mastered\Trialed\Trials\Intermediate\Build\Win64\UE4Editor\Inc\Trials\Zilly.generated.h(121): note: see declaration of 'AZilly'
  K:\Mastered\Trialed\Trials\Source\Trials\Private\Zilly.cpp(127): error C2065: 'Controller': undeclared identifier
  K:\Mastered\Trialed\Trials\Source\Trials\Private\Zilly.cpp(129): error C2065: 'Controller': undeclared identifier
  K:\Mastered\Trialed\Trials\Source\Trials\Private\Zilly.cpp(129): error C2512: 'FRotationMatrix': no appropriate default constructor available
  K:\Mastered\Trialed\Trials\Source\Trials\Private\Zilly.cpp(129): note: No constructor could take the source type, or constructor overload resolution was ambiguous
  K:\Mastered\Trialed\Trials\Source\Trials\Private\Zilly.cpp(130): error C3861: 'AddMovementInput': identifier not found
  K:\Mastered\Trialed\Trials\Source\Trials\Private\Zilly.cpp(133): error C2027: use of undefined type 'AZilly'
  K:\Mastered\Trialed\Trials\Intermediate\Build\Win64\UE4Editor\Inc\Trials\Zilly.generated.h(121): note: see declaration of 'AZilly'
  K:\Mastered\Trialed\Trials\Source\Trials\Private\Zilly.cpp(135): error C2065: 'BaseTurnRate': undeclared identifier
  K:\Mastered\Trialed\Trials\Source\Trials\Private\Zilly.cpp(135): error C3861: 'GetWorld': identifier not found
  K:\Mastered\Trialed\Trials\Source\Trials\Private\Zilly.cpp(135): error C3861: 'AddControllerYawInput': identifier not found
  K:\Mastered\Trialed\Trials\Source\Trials\Private\Zilly.cpp(138): error C2027: use of undefined type 'AZilly'
  K:\Mastered\Trialed\Trials\Intermediate\Build\Win64\UE4Editor\Inc\Trials\Zilly.generated.h(121): note: see declaration of 'AZilly'
  K:\Mastered\Trialed\Trials\Source\Trials\Private\Zilly.cpp(140): error C2065: 'BaseLookUpRate': undeclared identifier
  K:\Mastered\Trialed\Trials\Source\Trials\Private\Zilly.cpp(140): error C3861: 'GetWorld': identifier not found
  K:\Mastered\Trialed\Trials\Source\Trials\Private\Zilly.cpp(140): error C3861: 'AddControllerPitchInput': identifier not found
  K:\Mastered\Trialed\Trials\Source\Trials\Private\Zilly.cpp(144): error C2027: use of undefined type 'AZilly'
  K:\Mastered\Trialed\Trials\Intermediate\Build\Win64\UE4Editor\Inc\Trials\Zilly.generated.h(121): note: see declaration of 'AZilly'
  K:\Mastered\Trialed\Trials\Source\Trials\Private\Zilly.cpp(146): error C2653: 'Super': is not a class or namespace name
  K:\Mastered\Trialed\Trials\Source\Trials\Private\Zilly.cpp(151): error C2027: use of undefined type 'AZilly'
  K:\Mastered\Trialed\Trials\Intermediate\Build\Win64\UE4Editor\Inc\Trials\Zilly.generated.h(121): note: see declaration of 'AZilly'
  K:\Mastered\Trialed\Trials\Source\Trials\Private\Zilly.cpp(153): error C2653: 'Super': is not a class or namespace name
  K:\Mastered\Trialed\Trials\Source\Trials\Private\Zilly.cpp(155): error C2355: 'this': can only be referenced inside non-static member functions or non-static data member initializers
  K:\Mastered\Trialed\Trials\Source\Trials\Private\Zilly.cpp(155): fatal error C1003: error count exceeds 100; stopping compilation
  @progress 'Compiling C++ source code...' 82%
  [14/17] TrialsGameModeBase.gen.cpp
LogInit: Warning: Still incompatible or missing module: Trials
LogCore: Engine exit requested (reason: EngineExit() was called)
LogExit: Preparing to exit.
LogModuleManager: Shutting down and abandoning module DesktopPlatform (48)
LogModuleManager: Shutting down and abandoning module PythonScriptPluginPreload (46)
LogModuleManager: Shutting down and abandoning module PlatformCryptoOpenSSL (44)
LogModuleManager: Shutting down and abandoning module PlatformCryptoTypes (42)
LogModuleManager: Shutting down and abandoning module PlatformCrypto (40)
LogModuleManager: Shutting down and abandoning module OodleDataCompressionFormat (38)
LogModuleManager: Shutting down and abandoning module XGEController (36)
LogXGEController: Cannot use XGE Controller as Incredibuild is not installed on this machine.
LogXGEController: Cleaning working directory: C:/Users/zilla/AppData/Local/Temp/UnrealXGEWorkingDir/
LogModuleManager: Shutting down and abandoning module AnimationModifiers (34)
LogModuleManager: Shutting down and abandoning module AudioEditor (32)
LogModuleManager: Shutting down and abandoning module PropertyEditor (31)
LogModuleManager: Shutting down and abandoning module TextureCompressor (28)
LogModuleManager: Shutting down and abandoning module RenderCore (26)
LogModuleManager: Shutting down and abandoning module Landscape (24)
LogModuleManager: Shutting down and abandoning module SlateRHIRenderer (22)
LogModuleManager: Shutting down and abandoning module AnimGraphRuntime (20)
LogModuleManager: Shutting down and abandoning module Renderer (18)
LogModuleManager: Shutting down and abandoning module Engine (16)
LogModuleManager: Shutting down and abandoning module CoreUObject (14)
LogModuleManager: Shutting down and abandoning module NetworkFile (12)
LogModuleManager: Shutting down and abandoning module CookedIterativeFile (10)
LogModuleManager: Shutting down and abandoning module StreamingFile (8)
LogModuleManager: Shutting down and abandoning module SandboxFile (6)
LogModuleManager: Shutting down and abandoning module PakFile (4)
LogModuleManager: Shutting down and abandoning module RSA (3)
LogExit: Exiting.
Log file closed, 06/02/22 13:12:53
